<?xml version="1.0" encoding="utf-8" standalone="no"?>
<test-results xmlns:xsi="http://www.w3.org/2001/XMLSchema-instance" xsi:noNamespaceSchemaLocation="nunit_schema_2.5.xsd" name="Pester" total="1005" errors="0" failures="0" not-run="3" inconclusive="0" ignored="0" skipped="3" invalid="0" date="2024-11-03" time="10:23:08">
  <environment clr-version="4.0.30319.42000" user-domain="BATTLESTATION" cwd="C:\Celerium\Projects\_API\PokeAPI-PowerShellWrapper" platform="Microsoft Windows 11 Pro|C:\WINDOWS|\Device\Harddisk0\Partition3" machine-name="BATTLESTATION" nunit-version="2.5.8.0" os-version="10.0.22631" user="David" />
  <culture-info current-culture="en-US" current-uiculture="en-US" />
  <test-suite type="TestFixture" name="Pester" executed="True" result="Ignored" success="True" time="15.9834" asserts="0" description="Pester">
    <results>
      <test-suite type="TestFixture" name="C:\Celerium\Projects\_API\PokeAPI-PowerShellWrapper\tests\HelpComment.Tests.ps1" executed="True" result="Ignored" success="True" time="7.9653" asserts="0" description="C:\Celerium\Projects\_API\PokeAPI-PowerShellWrapper\tests\HelpComment.Tests.ps1">
        <results>
          <test-suite type="TestFixture" name="Testing the [ Built ] version of [ PokeAPI ] with [ HelpComment.Tests.ps1 ]" executed="True" result="Ignored" success="True" time="3.0053" asserts="0" description="Testing the [ Built ] version of [ PokeAPI ] with [ HelpComment.Tests.ps1 ]">
            <results>
              <test-suite type="TestFixture" name="Testing the [ Built ] version of [ PokeAPI ] with [ HelpComment.Tests.ps1 ].[ PokeAPI ] module help tests" executed="True" result="Success" success="True" time="0.0309" asserts="0" description="Testing the [ Built ] version of [ PokeAPI ] with [ HelpComment.Tests.ps1 ].[ PokeAPI ] module help tests">
                <results>
                  <test-suite type="TestFixture" name="Testing the [ Built ] version of [ PokeAPI ] with [ HelpComment.Tests.ps1 ].[ PokeAPI ] module help tests.[ Add-PokeBaseURI ]" executed="True" result="Success" success="True" time="0.0274" asserts="0" description="Testing the [ Built ] version of [ PokeAPI ] with [ HelpComment.Tests.ps1 ].[ PokeAPI ] module help tests.[ Add-PokeBaseURI ]">
                    <results>
                      <test-case description="[ Add-PokeBaseURI ] contains comment based help" name="Testing the [ Built ] version of [ PokeAPI ] with [ HelpComment.Tests.ps1 ].[ PokeAPI ] module help tests.[ Add-PokeBaseURI ].[ Add-PokeBaseURI ] contains comment based help" time="0.0025" asserts="0" success="True" result="Success" executed="True" />
                      <test-case description="[ Add-PokeBaseURI ] contains a synopsis" name="Testing the [ Built ] version of [ PokeAPI ] with [ HelpComment.Tests.ps1 ].[ PokeAPI ] module help tests.[ Add-PokeBaseURI ].[ Add-PokeBaseURI ] contains a synopsis" time="0.0024" asserts="0" success="True" result="Success" executed="True" />
                      <test-case description="[ Add-PokeBaseURI ] contains a description" name="Testing the [ Built ] version of [ PokeAPI ] with [ HelpComment.Tests.ps1 ].[ PokeAPI ] module help tests.[ Add-PokeBaseURI ].[ Add-PokeBaseURI ] contains a description" time="0.003" asserts="0" success="True" result="Success" executed="True" />
                      <test-case description="[ Add-PokeBaseURI ] contains at least one usage example" name="Testing the [ Built ] version of [ PokeAPI ] with [ HelpComment.Tests.ps1 ].[ PokeAPI ] module help tests.[ Add-PokeBaseURI ].[ Add-PokeBaseURI ] contains at least one usage example" time="0.0026" asserts="0" success="True" result="Success" executed="True" />
                      <test-case description="[ Add-PokeBaseURI ] contains a note" name="Testing the [ Built ] version of [ PokeAPI ] with [ HelpComment.Tests.ps1 ].[ PokeAPI ] module help tests.[ Add-PokeBaseURI ].[ Add-PokeBaseURI ] contains a note" time="0.002" asserts="0" success="True" result="Success" executed="True" />
                      <test-case description="[ Add-PokeBaseURI ] contains a link" name="Testing the [ Built ] version of [ PokeAPI ] with [ HelpComment.Tests.ps1 ].[ PokeAPI ] module help tests.[ Add-PokeBaseURI ].[ Add-PokeBaseURI ] contains a link" time="0.002" asserts="0" success="True" result="Success" executed="True" />
                      <test-suite type="ParameterizedTest" name="Testing the [ Built ] version of [ PokeAPI ] with [ HelpComment.Tests.ps1 ].[ PokeAPI ] module help tests.[ Add-PokeBaseURI ].[ Add-PokeBaseURI ] - Parameter has a description - [ &lt;_.name&gt; ]" executed="True" result="Success" success="True" time="0.0026" asserts="0" description="[ Add-PokeBaseURI ] - Parameter has a description - [ &lt;_.name&gt; ]">
                        <results>
                          <test-case description="[ Add-PokeBaseURI ] - Parameter has a description - [ base_uri ]" name="Testing the [ Built ] version of [ PokeAPI ] with [ HelpComment.Tests.ps1 ].[ PokeAPI ] module help tests.[ Add-PokeBaseURI ].[ Add-PokeBaseURI ] - Parameter has a description - [ base_uri ]" time="0.0026" asserts="0" success="True" result="Success" executed="True" />
                        </results>
                      </test-suite>
                      <test-suite type="ParameterizedTest" name="Testing the [ Built ] version of [ PokeAPI ] with [ HelpComment.Tests.ps1 ].[ PokeAPI ] module help tests.[ Add-PokeBaseURI ].[ Add-PokeBaseURI ] - Example has example code &amp; description   - [ &lt;_.title -replace '-'.''&gt; ]" executed="True" result="Success" success="True" time="0.0056" asserts="0" description="[ Add-PokeBaseURI ] - Example has example code &amp; description   - [ &lt;_.title -replace '-'.''&gt; ]">
                        <results>
                          <test-case description="[ Add-PokeBaseURI ] - Example has example code &amp; description   - [  EXAMPLE 1  ]" name="Testing the [ Built ] version of [ PokeAPI ] with [ HelpComment.Tests.ps1 ].[ PokeAPI ] module help tests.[ Add-PokeBaseURI ].[ Add-PokeBaseURI ] - Example has example code &amp; description   - [  EXAMPLE 1  ]" time="0.0029" asserts="0" success="True" result="Success" executed="True" />
                          <test-case description="[ Add-PokeBaseURI ] - Example has example code &amp; description   - [  EXAMPLE 2  ]" name="Testing the [ Built ] version of [ PokeAPI ] with [ HelpComment.Tests.ps1 ].[ PokeAPI ] module help tests.[ Add-PokeBaseURI ].[ Add-PokeBaseURI ] - Example has example code &amp; description   - [  EXAMPLE 2  ]" time="0.0027" asserts="0" success="True" result="Success" executed="True" />
                        </results>
                      </test-suite>
                    </results>
                  </test-suite>
                </results>
              </test-suite>
              <test-suite type="TestFixture" name="Testing the [ Built ] version of [ PokeAPI ] with [ HelpComment.Tests.ps1 ].[ PokeAPI ] module help tests" executed="True" result="Success" success="True" time="0.0598" asserts="0" description="Testing the [ Built ] version of [ PokeAPI ] with [ HelpComment.Tests.ps1 ].[ PokeAPI ] module help tests">
                <results>
                  <test-suite type="TestFixture" name="Testing the [ Built ] version of [ PokeAPI ] with [ HelpComment.Tests.ps1 ].[ PokeAPI ] module help tests.[ ConvertTo-PokeQueryString ]" executed="True" result="Success" success="True" time="0.0254" asserts="0" description="Testing the [ Built ] version of [ PokeAPI ] with [ HelpComment.Tests.ps1 ].[ PokeAPI ] module help tests.[ ConvertTo-PokeQueryString ]">
                    <results>
                      <test-case description="[ ConvertTo-PokeQueryString ] contains comment based help" name="Testing the [ Built ] version of [ PokeAPI ] with [ HelpComment.Tests.ps1 ].[ PokeAPI ] module help tests.[ ConvertTo-PokeQueryString ].[ ConvertTo-PokeQueryString ] contains comment based help" time="0.0024" asserts="0" success="True" result="Success" executed="True" />
                      <test-case description="[ ConvertTo-PokeQueryString ] contains a synopsis" name="Testing the [ Built ] version of [ PokeAPI ] with [ HelpComment.Tests.ps1 ].[ PokeAPI ] module help tests.[ ConvertTo-PokeQueryString ].[ ConvertTo-PokeQueryString ] contains a synopsis" time="0.0022" asserts="0" success="True" result="Success" executed="True" />
                      <test-case description="[ ConvertTo-PokeQueryString ] contains a description" name="Testing the [ Built ] version of [ PokeAPI ] with [ HelpComment.Tests.ps1 ].[ PokeAPI ] module help tests.[ ConvertTo-PokeQueryString ].[ ConvertTo-PokeQueryString ] contains a description" time="0.0023" asserts="0" success="True" result="Success" executed="True" />
                      <test-case description="[ ConvertTo-PokeQueryString ] contains at least one usage example" name="Testing the [ Built ] version of [ PokeAPI ] with [ HelpComment.Tests.ps1 ].[ PokeAPI ] module help tests.[ ConvertTo-PokeQueryString ].[ ConvertTo-PokeQueryString ] contains at least one usage example" time="0.0026" asserts="0" success="True" result="Success" executed="True" />
                      <test-case description="[ ConvertTo-PokeQueryString ] contains a note" name="Testing the [ Built ] version of [ PokeAPI ] with [ HelpComment.Tests.ps1 ].[ PokeAPI ] module help tests.[ ConvertTo-PokeQueryString ].[ ConvertTo-PokeQueryString ] contains a note" time="0.002" asserts="0" success="True" result="Success" executed="True" />
                      <test-case description="[ ConvertTo-PokeQueryString ] contains a link" name="Testing the [ Built ] version of [ PokeAPI ] with [ HelpComment.Tests.ps1 ].[ PokeAPI ] module help tests.[ ConvertTo-PokeQueryString ].[ ConvertTo-PokeQueryString ] contains a link" time="0.002" asserts="0" success="True" result="Success" executed="True" />
                      <test-suite type="ParameterizedTest" name="Testing the [ Built ] version of [ PokeAPI ] with [ HelpComment.Tests.ps1 ].[ PokeAPI ] module help tests.[ ConvertTo-PokeQueryString ].[ ConvertTo-PokeQueryString ] - Parameter has a description - [ &lt;_.name&gt; ]" executed="True" result="Success" success="True" time="0.0044" asserts="0" description="[ ConvertTo-PokeQueryString ] - Parameter has a description - [ &lt;_.name&gt; ]">
                        <results>
                          <test-case description="[ ConvertTo-PokeQueryString ] - Parameter has a description - [ uri_Filter ]" name="Testing the [ Built ] version of [ PokeAPI ] with [ HelpComment.Tests.ps1 ].[ PokeAPI ] module help tests.[ ConvertTo-PokeQueryString ].[ ConvertTo-PokeQueryString ] - Parameter has a description - [ uri_Filter ]" time="0.0022" asserts="0" success="True" result="Success" executed="True" />
                          <test-case description="[ ConvertTo-PokeQueryString ] - Parameter has a description - [ resource_Uri ]" name="Testing the [ Built ] version of [ PokeAPI ] with [ HelpComment.Tests.ps1 ].[ PokeAPI ] module help tests.[ ConvertTo-PokeQueryString ].[ ConvertTo-PokeQueryString ] - Parameter has a description - [ resource_Uri ]" time="0.0022" asserts="0" success="True" result="Success" executed="True" />
                        </results>
                      </test-suite>
                      <test-suite type="ParameterizedTest" name="Testing the [ Built ] version of [ PokeAPI ] with [ HelpComment.Tests.ps1 ].[ PokeAPI ] module help tests.[ ConvertTo-PokeQueryString ].[ ConvertTo-PokeQueryString ] - Example has example code &amp; description   - [ &lt;_.title -replace '-'.''&gt; ]" executed="True" result="Success" success="True" time="0.0029" asserts="0" description="[ ConvertTo-PokeQueryString ] - Example has example code &amp; description   - [ &lt;_.title -replace '-'.''&gt; ]">
                        <results>
                          <test-case description="[ ConvertTo-PokeQueryString ] - Example has example code &amp; description   - [  EXAMPLE 1  ]" name="Testing the [ Built ] version of [ PokeAPI ] with [ HelpComment.Tests.ps1 ].[ PokeAPI ] module help tests.[ ConvertTo-PokeQueryString ].[ ConvertTo-PokeQueryString ] - Example has example code &amp; description   - [  EXAMPLE 1  ]" time="0.0029" asserts="0" success="True" result="Success" executed="True" />
                        </results>
                      </test-suite>
                    </results>
                  </test-suite>
                </results>
              </test-suite>
              <test-suite type="TestFixture" name="Testing the [ Built ] version of [ PokeAPI ] with [ HelpComment.Tests.ps1 ].[ PokeAPI ] module help tests" executed="True" result="Success" success="True" time="0.0909" asserts="0" description="Testing the [ Built ] version of [ PokeAPI ] with [ HelpComment.Tests.ps1 ].[ PokeAPI ] module help tests">
                <results>
                  <test-suite type="TestFixture" name="Testing the [ Built ] version of [ PokeAPI ] with [ HelpComment.Tests.ps1 ].[ PokeAPI ] module help tests.[ Export-PokeModuleSettings ]" executed="True" result="Success" success="True" time="0.0276" asserts="0" description="Testing the [ Built ] version of [ PokeAPI ] with [ HelpComment.Tests.ps1 ].[ PokeAPI ] module help tests.[ Export-PokeModuleSettings ]">
                    <results>
                      <test-case description="[ Export-PokeModuleSettings ] contains comment based help" name="Testing the [ Built ] version of [ PokeAPI ] with [ HelpComment.Tests.ps1 ].[ PokeAPI ] module help tests.[ Export-PokeModuleSettings ].[ Export-PokeModuleSettings ] contains comment based help" time="0.0023" asserts="0" success="True" result="Success" executed="True" />
                      <test-case description="[ Export-PokeModuleSettings ] contains a synopsis" name="Testing the [ Built ] version of [ PokeAPI ] with [ HelpComment.Tests.ps1 ].[ PokeAPI ] module help tests.[ Export-PokeModuleSettings ].[ Export-PokeModuleSettings ] contains a synopsis" time="0.002" asserts="0" success="True" result="Success" executed="True" />
                      <test-case description="[ Export-PokeModuleSettings ] contains a description" name="Testing the [ Built ] version of [ PokeAPI ] with [ HelpComment.Tests.ps1 ].[ PokeAPI ] module help tests.[ Export-PokeModuleSettings ].[ Export-PokeModuleSettings ] contains a description" time="0.0022" asserts="0" success="True" result="Success" executed="True" />
                      <test-case description="[ Export-PokeModuleSettings ] contains at least one usage example" name="Testing the [ Built ] version of [ PokeAPI ] with [ HelpComment.Tests.ps1 ].[ PokeAPI ] module help tests.[ Export-PokeModuleSettings ].[ Export-PokeModuleSettings ] contains at least one usage example" time="0.0027" asserts="0" success="True" result="Success" executed="True" />
                      <test-case description="[ Export-PokeModuleSettings ] contains a note" name="Testing the [ Built ] version of [ PokeAPI ] with [ HelpComment.Tests.ps1 ].[ PokeAPI ] module help tests.[ Export-PokeModuleSettings ].[ Export-PokeModuleSettings ] contains a note" time="0.002" asserts="0" success="True" result="Success" executed="True" />
                      <test-case description="[ Export-PokeModuleSettings ] contains a link" name="Testing the [ Built ] version of [ PokeAPI ] with [ HelpComment.Tests.ps1 ].[ PokeAPI ] module help tests.[ Export-PokeModuleSettings ].[ Export-PokeModuleSettings ] contains a link" time="0.002" asserts="0" success="True" result="Success" executed="True" />
                      <test-suite type="ParameterizedTest" name="Testing the [ Built ] version of [ PokeAPI ] with [ HelpComment.Tests.ps1 ].[ PokeAPI ] module help tests.[ Export-PokeModuleSettings ].[ Export-PokeModuleSettings ] - Parameter has a description - [ &lt;_.name&gt; ]" executed="True" result="Success" success="True" time="0.0043" asserts="0" description="[ Export-PokeModuleSettings ] - Parameter has a description - [ &lt;_.name&gt; ]">
                        <results>
                          <test-case description="[ Export-PokeModuleSettings ] - Parameter has a description - [ PokeConfPath ]" name="Testing the [ Built ] version of [ PokeAPI ] with [ HelpComment.Tests.ps1 ].[ PokeAPI ] module help tests.[ Export-PokeModuleSettings ].[ Export-PokeModuleSettings ] - Parameter has a description - [ PokeConfPath ]" time="0.0022" asserts="0" success="True" result="Success" executed="True" />
                          <test-case description="[ Export-PokeModuleSettings ] - Parameter has a description - [ PokeConfFile ]" name="Testing the [ Built ] version of [ PokeAPI ] with [ HelpComment.Tests.ps1 ].[ PokeAPI ] module help tests.[ Export-PokeModuleSettings ].[ Export-PokeModuleSettings ] - Parameter has a description - [ PokeConfFile ]" time="0.0022" asserts="0" success="True" result="Success" executed="True" />
                        </results>
                      </test-suite>
                      <test-suite type="ParameterizedTest" name="Testing the [ Built ] version of [ PokeAPI ] with [ HelpComment.Tests.ps1 ].[ PokeAPI ] module help tests.[ Export-PokeModuleSettings ].[ Export-PokeModuleSettings ] - Example has example code &amp; description   - [ &lt;_.title -replace '-'.''&gt; ]" executed="True" result="Success" success="True" time="0.0055" asserts="0" description="[ Export-PokeModuleSettings ] - Example has example code &amp; description   - [ &lt;_.title -replace '-'.''&gt; ]">
                        <results>
                          <test-case description="[ Export-PokeModuleSettings ] - Example has example code &amp; description   - [  EXAMPLE 1  ]" name="Testing the [ Built ] version of [ PokeAPI ] with [ HelpComment.Tests.ps1 ].[ PokeAPI ] module help tests.[ Export-PokeModuleSettings ].[ Export-PokeModuleSettings ] - Example has example code &amp; description   - [  EXAMPLE 1  ]" time="0.0027" asserts="0" success="True" result="Success" executed="True" />
                          <test-case description="[ Export-PokeModuleSettings ] - Example has example code &amp; description   - [  EXAMPLE 2  ]" name="Testing the [ Built ] version of [ PokeAPI ] with [ HelpComment.Tests.ps1 ].[ PokeAPI ] module help tests.[ Export-PokeModuleSettings ].[ Export-PokeModuleSettings ] - Example has example code &amp; description   - [  EXAMPLE 2  ]" time="0.0028" asserts="0" success="True" result="Success" executed="True" />
                        </results>
                      </test-suite>
                    </results>
                  </test-suite>
                </results>
              </test-suite>
              <test-suite type="TestFixture" name="Testing the [ Built ] version of [ PokeAPI ] with [ HelpComment.Tests.ps1 ].[ PokeAPI ] module help tests" executed="True" result="Ignored" success="True" time="0.1181" asserts="0" description="Testing the [ Built ] version of [ PokeAPI ] with [ HelpComment.Tests.ps1 ].[ PokeAPI ] module help tests">
                <results>
                  <test-suite type="TestFixture" name="Testing the [ Built ] version of [ PokeAPI ] with [ HelpComment.Tests.ps1 ].[ PokeAPI ] module help tests.[ Get-PokeBaseURI ]" executed="True" result="Ignored" success="True" time="0.0236" asserts="0" description="Testing the [ Built ] version of [ PokeAPI ] with [ HelpComment.Tests.ps1 ].[ PokeAPI ] module help tests.[ Get-PokeBaseURI ]">
                    <results>
                      <test-case description="[ Get-PokeBaseURI ] contains comment based help" name="Testing the [ Built ] version of [ PokeAPI ] with [ HelpComment.Tests.ps1 ].[ PokeAPI ] module help tests.[ Get-PokeBaseURI ].[ Get-PokeBaseURI ] contains comment based help" time="0.0023" asserts="0" success="True" result="Success" executed="True" />
                      <test-case description="[ Get-PokeBaseURI ] contains a synopsis" name="Testing the [ Built ] version of [ PokeAPI ] with [ HelpComment.Tests.ps1 ].[ PokeAPI ] module help tests.[ Get-PokeBaseURI ].[ Get-PokeBaseURI ] contains a synopsis" time="0.002" asserts="0" success="True" result="Success" executed="True" />
                      <test-case description="[ Get-PokeBaseURI ] contains a description" name="Testing the [ Built ] version of [ PokeAPI ] with [ HelpComment.Tests.ps1 ].[ PokeAPI ] module help tests.[ Get-PokeBaseURI ].[ Get-PokeBaseURI ] contains a description" time="0.002" asserts="0" success="True" result="Success" executed="True" />
                      <test-case description="[ Get-PokeBaseURI ] contains at least one usage example" name="Testing the [ Built ] version of [ PokeAPI ] with [ HelpComment.Tests.ps1 ].[ PokeAPI ] module help tests.[ Get-PokeBaseURI ].[ Get-PokeBaseURI ] contains at least one usage example" time="0.0027" asserts="0" success="True" result="Success" executed="True" />
                      <test-case description="[ Get-PokeBaseURI ] contains a note" name="Testing the [ Built ] version of [ PokeAPI ] with [ HelpComment.Tests.ps1 ].[ PokeAPI ] module help tests.[ Get-PokeBaseURI ].[ Get-PokeBaseURI ] contains a note" time="0.0021" asserts="0" success="True" result="Success" executed="True" />
                      <test-case description="[ Get-PokeBaseURI ] contains a link" name="Testing the [ Built ] version of [ PokeAPI ] with [ HelpComment.Tests.ps1 ].[ PokeAPI ] module help tests.[ Get-PokeBaseURI ].[ Get-PokeBaseURI ] contains a link" time="0.002" asserts="0" success="True" result="Success" executed="True" />
                      <test-case description="[ Get-PokeBaseURI ] - Parameter has a description -" name="Testing the [ Built ] version of [ PokeAPI ] with [ HelpComment.Tests.ps1 ].[ PokeAPI ] module help tests.[ Get-PokeBaseURI ].[ Get-PokeBaseURI ] - Parameter has a description -" time="0.0033" asserts="0" success="False" result="Ignored" executed="False" />
                      <test-suite type="ParameterizedTest" name="Testing the [ Built ] version of [ PokeAPI ] with [ HelpComment.Tests.ps1 ].[ PokeAPI ] module help tests.[ Get-PokeBaseURI ].[ Get-PokeBaseURI ] - Example has example code &amp; description   - [ &lt;_.title -replace '-'.''&gt; ]" executed="True" result="Success" success="True" time="0.0027" asserts="0" description="[ Get-PokeBaseURI ] - Example has example code &amp; description   - [ &lt;_.title -replace '-'.''&gt; ]">
                        <results>
                          <test-case description="[ Get-PokeBaseURI ] - Example has example code &amp; description   - [  EXAMPLE 1  ]" name="Testing the [ Built ] version of [ PokeAPI ] with [ HelpComment.Tests.ps1 ].[ PokeAPI ] module help tests.[ Get-PokeBaseURI ].[ Get-PokeBaseURI ] - Example has example code &amp; description   - [  EXAMPLE 1  ]" time="0.0027" asserts="0" success="True" result="Success" executed="True" />
                        </results>
                      </test-suite>
                    </results>
                  </test-suite>
                </results>
              </test-suite>
              <test-suite type="TestFixture" name="Testing the [ Built ] version of [ PokeAPI ] with [ HelpComment.Tests.ps1 ].[ PokeAPI ] module help tests" executed="True" result="Success" success="True" time="0.1616" asserts="0" description="Testing the [ Built ] version of [ PokeAPI ] with [ HelpComment.Tests.ps1 ].[ PokeAPI ] module help tests">
                <results>
                  <test-suite type="TestFixture" name="Testing the [ Built ] version of [ PokeAPI ] with [ HelpComment.Tests.ps1 ].[ PokeAPI ] module help tests.[ Get-PokeBerry ]" executed="True" result="Success" success="True" time="0.0398" asserts="0" description="Testing the [ Built ] version of [ PokeAPI ] with [ HelpComment.Tests.ps1 ].[ PokeAPI ] module help tests.[ Get-PokeBerry ]">
                    <results>
                      <test-case description="[ Get-PokeBerry ] contains comment based help" name="Testing the [ Built ] version of [ PokeAPI ] with [ HelpComment.Tests.ps1 ].[ PokeAPI ] module help tests.[ Get-PokeBerry ].[ Get-PokeBerry ] contains comment based help" time="0.0024" asserts="0" success="True" result="Success" executed="True" />
                      <test-case description="[ Get-PokeBerry ] contains a synopsis" name="Testing the [ Built ] version of [ PokeAPI ] with [ HelpComment.Tests.ps1 ].[ PokeAPI ] module help tests.[ Get-PokeBerry ].[ Get-PokeBerry ] contains a synopsis" time="0.002" asserts="0" success="True" result="Success" executed="True" />
                      <test-case description="[ Get-PokeBerry ] contains a description" name="Testing the [ Built ] version of [ PokeAPI ] with [ HelpComment.Tests.ps1 ].[ PokeAPI ] module help tests.[ Get-PokeBerry ].[ Get-PokeBerry ] contains a description" time="0.0021" asserts="0" success="True" result="Success" executed="True" />
                      <test-case description="[ Get-PokeBerry ] contains at least one usage example" name="Testing the [ Built ] version of [ PokeAPI ] with [ HelpComment.Tests.ps1 ].[ PokeAPI ] module help tests.[ Get-PokeBerry ].[ Get-PokeBerry ] contains at least one usage example" time="0.0026" asserts="0" success="True" result="Success" executed="True" />
                      <test-case description="[ Get-PokeBerry ] contains a note" name="Testing the [ Built ] version of [ PokeAPI ] with [ HelpComment.Tests.ps1 ].[ PokeAPI ] module help tests.[ Get-PokeBerry ].[ Get-PokeBerry ] contains a note" time="0.0021" asserts="0" success="True" result="Success" executed="True" />
                      <test-case description="[ Get-PokeBerry ] contains a link" name="Testing the [ Built ] version of [ PokeAPI ] with [ HelpComment.Tests.ps1 ].[ PokeAPI ] module help tests.[ Get-PokeBerry ].[ Get-PokeBerry ] contains a link" time="0.002" asserts="0" success="True" result="Success" executed="True" />
                      <test-suite type="ParameterizedTest" name="Testing the [ Built ] version of [ PokeAPI ] with [ HelpComment.Tests.ps1 ].[ PokeAPI ] module help tests.[ Get-PokeBerry ].[ Get-PokeBerry ] - Parameter has a description - [ &lt;_.name&gt; ]" executed="True" result="Success" success="True" time="0.0109" asserts="0" description="[ Get-PokeBerry ] - Parameter has a description - [ &lt;_.name&gt; ]">
                        <results>
                          <test-case description="[ Get-PokeBerry ] - Parameter has a description - [ id ]" name="Testing the [ Built ] version of [ PokeAPI ] with [ HelpComment.Tests.ps1 ].[ PokeAPI ] module help tests.[ Get-PokeBerry ].[ Get-PokeBerry ] - Parameter has a description - [ id ]" time="0.0023" asserts="0" success="True" result="Success" executed="True" />
                          <test-case description="[ Get-PokeBerry ] - Parameter has a description - [ name ]" name="Testing the [ Built ] version of [ PokeAPI ] with [ HelpComment.Tests.ps1 ].[ PokeAPI ] module help tests.[ Get-PokeBerry ].[ Get-PokeBerry ] - Parameter has a description - [ name ]" time="0.0022" asserts="0" success="True" result="Success" executed="True" />
                          <test-case description="[ Get-PokeBerry ] - Parameter has a description - [ offset ]" name="Testing the [ Built ] version of [ PokeAPI ] with [ HelpComment.Tests.ps1 ].[ PokeAPI ] module help tests.[ Get-PokeBerry ].[ Get-PokeBerry ] - Parameter has a description - [ offset ]" time="0.0021" asserts="0" success="True" result="Success" executed="True" />
                          <test-case description="[ Get-PokeBerry ] - Parameter has a description - [ limit ]" name="Testing the [ Built ] version of [ PokeAPI ] with [ HelpComment.Tests.ps1 ].[ PokeAPI ] module help tests.[ Get-PokeBerry ].[ Get-PokeBerry ] - Parameter has a description - [ limit ]" time="0.0021" asserts="0" success="True" result="Success" executed="True" />
                          <test-case description="[ Get-PokeBerry ] - Parameter has a description - [ allPages ]" name="Testing the [ Built ] version of [ PokeAPI ] with [ HelpComment.Tests.ps1 ].[ PokeAPI ] module help tests.[ Get-PokeBerry ].[ Get-PokeBerry ] - Parameter has a description - [ allPages ]" time="0.0021" asserts="0" success="True" result="Success" executed="True" />
                        </results>
                      </test-suite>
                      <test-suite type="ParameterizedTest" name="Testing the [ Built ] version of [ PokeAPI ] with [ HelpComment.Tests.ps1 ].[ PokeAPI ] module help tests.[ Get-PokeBerry ].[ Get-PokeBerry ] - Example has example code &amp; description   - [ &lt;_.title -replace '-'.''&gt; ]" executed="True" result="Success" success="True" time="0.0108" asserts="0" description="[ Get-PokeBerry ] - Example has example code &amp; description   - [ &lt;_.title -replace '-'.''&gt; ]">
                        <results>
                          <test-case description="[ Get-PokeBerry ] - Example has example code &amp; description   - [  EXAMPLE 1  ]" name="Testing the [ Built ] version of [ PokeAPI ] with [ HelpComment.Tests.ps1 ].[ PokeAPI ] module help tests.[ Get-PokeBerry ].[ Get-PokeBerry ] - Example has example code &amp; description   - [  EXAMPLE 1  ]" time="0.0026" asserts="0" success="True" result="Success" executed="True" />
                          <test-case description="[ Get-PokeBerry ] - Example has example code &amp; description   - [  EXAMPLE 2  ]" name="Testing the [ Built ] version of [ PokeAPI ] with [ HelpComment.Tests.ps1 ].[ PokeAPI ] module help tests.[ Get-PokeBerry ].[ Get-PokeBerry ] - Example has example code &amp; description   - [  EXAMPLE 2  ]" time="0.0027" asserts="0" success="True" result="Success" executed="True" />
                          <test-case description="[ Get-PokeBerry ] - Example has example code &amp; description   - [  EXAMPLE 3  ]" name="Testing the [ Built ] version of [ PokeAPI ] with [ HelpComment.Tests.ps1 ].[ PokeAPI ] module help tests.[ Get-PokeBerry ].[ Get-PokeBerry ] - Example has example code &amp; description   - [  EXAMPLE 3  ]" time="0.0028" asserts="0" success="True" result="Success" executed="True" />
                          <test-case description="[ Get-PokeBerry ] - Example has example code &amp; description   - [  EXAMPLE 4  ]" name="Testing the [ Built ] version of [ PokeAPI ] with [ HelpComment.Tests.ps1 ].[ PokeAPI ] module help tests.[ Get-PokeBerry ].[ Get-PokeBerry ] - Example has example code &amp; description   - [  EXAMPLE 4  ]" time="0.0027" asserts="0" success="True" result="Success" executed="True" />
                        </results>
                      </test-suite>
                    </results>
                  </test-suite>
                </results>
              </test-suite>
              <test-suite type="TestFixture" name="Testing the [ Built ] version of [ PokeAPI ] with [ HelpComment.Tests.ps1 ].[ PokeAPI ] module help tests" executed="True" result="Success" success="True" time="0.2153" asserts="0" description="Testing the [ Built ] version of [ PokeAPI ] with [ HelpComment.Tests.ps1 ].[ PokeAPI ] module help tests">
                <results>
                  <test-suite type="TestFixture" name="Testing the [ Built ] version of [ PokeAPI ] with [ HelpComment.Tests.ps1 ].[ PokeAPI ] module help tests.[ Get-PokeBerryFirmness ]" executed="True" result="Success" success="True" time="0.0501" asserts="0" description="Testing the [ Built ] version of [ PokeAPI ] with [ HelpComment.Tests.ps1 ].[ PokeAPI ] module help tests.[ Get-PokeBerryFirmness ]">
                    <results>
                      <test-case description="[ Get-PokeBerryFirmness ] contains comment based help" name="Testing the [ Built ] version of [ PokeAPI ] with [ HelpComment.Tests.ps1 ].[ PokeAPI ] module help tests.[ Get-PokeBerryFirmness ].[ Get-PokeBerryFirmness ] contains comment based help" time="0.0022" asserts="0" success="True" result="Success" executed="True" />
                      <test-case description="[ Get-PokeBerryFirmness ] contains a synopsis" name="Testing the [ Built ] version of [ PokeAPI ] with [ HelpComment.Tests.ps1 ].[ PokeAPI ] module help tests.[ Get-PokeBerryFirmness ].[ Get-PokeBerryFirmness ] contains a synopsis" time="0.0021" asserts="0" success="True" result="Success" executed="True" />
                      <test-case description="[ Get-PokeBerryFirmness ] contains a description" name="Testing the [ Built ] version of [ PokeAPI ] with [ HelpComment.Tests.ps1 ].[ PokeAPI ] module help tests.[ Get-PokeBerryFirmness ].[ Get-PokeBerryFirmness ] contains a description" time="0.0022" asserts="0" success="True" result="Success" executed="True" />
                      <test-case description="[ Get-PokeBerryFirmness ] contains at least one usage example" name="Testing the [ Built ] version of [ PokeAPI ] with [ HelpComment.Tests.ps1 ].[ PokeAPI ] module help tests.[ Get-PokeBerryFirmness ].[ Get-PokeBerryFirmness ] contains at least one usage example" time="0.0026" asserts="0" success="True" result="Success" executed="True" />
                      <test-case description="[ Get-PokeBerryFirmness ] contains a note" name="Testing the [ Built ] version of [ PokeAPI ] with [ HelpComment.Tests.ps1 ].[ PokeAPI ] module help tests.[ Get-PokeBerryFirmness ].[ Get-PokeBerryFirmness ] contains a note" time="0.002" asserts="0" success="True" result="Success" executed="True" />
                      <test-case description="[ Get-PokeBerryFirmness ] contains a link" name="Testing the [ Built ] version of [ PokeAPI ] with [ HelpComment.Tests.ps1 ].[ PokeAPI ] module help tests.[ Get-PokeBerryFirmness ].[ Get-PokeBerryFirmness ] contains a link" time="0.002" asserts="0" success="True" result="Success" executed="True" />
                      <test-suite type="ParameterizedTest" name="Testing the [ Built ] version of [ PokeAPI ] with [ HelpComment.Tests.ps1 ].[ PokeAPI ] module help tests.[ Get-PokeBerryFirmness ].[ Get-PokeBerryFirmness ] - Parameter has a description - [ &lt;_.name&gt; ]" executed="True" result="Success" success="True" time="0.0214" asserts="0" description="[ Get-PokeBerryFirmness ] - Parameter has a description - [ &lt;_.name&gt; ]">
                        <results>
                          <test-case description="[ Get-PokeBerryFirmness ] - Parameter has a description - [ id ]" name="Testing the [ Built ] version of [ PokeAPI ] with [ HelpComment.Tests.ps1 ].[ PokeAPI ] module help tests.[ Get-PokeBerryFirmness ].[ Get-PokeBerryFirmness ] - Parameter has a description - [ id ]" time="0.0022" asserts="0" success="True" result="Success" executed="True" />
                          <test-case description="[ Get-PokeBerryFirmness ] - Parameter has a description - [ name ]" name="Testing the [ Built ] version of [ PokeAPI ] with [ HelpComment.Tests.ps1 ].[ PokeAPI ] module help tests.[ Get-PokeBerryFirmness ].[ Get-PokeBerryFirmness ] - Parameter has a description - [ name ]" time="0.0128" asserts="0" success="True" result="Success" executed="True" />
                          <test-case description="[ Get-PokeBerryFirmness ] - Parameter has a description - [ offset ]" name="Testing the [ Built ] version of [ PokeAPI ] with [ HelpComment.Tests.ps1 ].[ PokeAPI ] module help tests.[ Get-PokeBerryFirmness ].[ Get-PokeBerryFirmness ] - Parameter has a description - [ offset ]" time="0.0022" asserts="0" success="True" result="Success" executed="True" />
                          <test-case description="[ Get-PokeBerryFirmness ] - Parameter has a description - [ limit ]" name="Testing the [ Built ] version of [ PokeAPI ] with [ HelpComment.Tests.ps1 ].[ PokeAPI ] module help tests.[ Get-PokeBerryFirmness ].[ Get-PokeBerryFirmness ] - Parameter has a description - [ limit ]" time="0.0021" asserts="0" success="True" result="Success" executed="True" />
                          <test-case description="[ Get-PokeBerryFirmness ] - Parameter has a description - [ allPages ]" name="Testing the [ Built ] version of [ PokeAPI ] with [ HelpComment.Tests.ps1 ].[ PokeAPI ] module help tests.[ Get-PokeBerryFirmness ].[ Get-PokeBerryFirmness ] - Parameter has a description - [ allPages ]" time="0.0021" asserts="0" success="True" result="Success" executed="True" />
                        </results>
                      </test-suite>
                      <test-suite type="ParameterizedTest" name="Testing the [ Built ] version of [ PokeAPI ] with [ HelpComment.Tests.ps1 ].[ PokeAPI ] module help tests.[ Get-PokeBerryFirmness ].[ Get-PokeBerryFirmness ] - Example has example code &amp; description   - [ &lt;_.title -replace '-'.''&gt; ]" executed="True" result="Success" success="True" time="0.0108" asserts="0" description="[ Get-PokeBerryFirmness ] - Example has example code &amp; description   - [ &lt;_.title -replace '-'.''&gt; ]">
                        <results>
                          <test-case description="[ Get-PokeBerryFirmness ] - Example has example code &amp; description   - [  EXAMPLE 1  ]" name="Testing the [ Built ] version of [ PokeAPI ] with [ HelpComment.Tests.ps1 ].[ PokeAPI ] module help tests.[ Get-PokeBerryFirmness ].[ Get-PokeBerryFirmness ] - Example has example code &amp; description   - [  EXAMPLE 1  ]" time="0.0027" asserts="0" success="True" result="Success" executed="True" />
                          <test-case description="[ Get-PokeBerryFirmness ] - Example has example code &amp; description   - [  EXAMPLE 2  ]" name="Testing the [ Built ] version of [ PokeAPI ] with [ HelpComment.Tests.ps1 ].[ PokeAPI ] module help tests.[ Get-PokeBerryFirmness ].[ Get-PokeBerryFirmness ] - Example has example code &amp; description   - [  EXAMPLE 2  ]" time="0.0028" asserts="0" success="True" result="Success" executed="True" />
                          <test-case description="[ Get-PokeBerryFirmness ] - Example has example code &amp; description   - [  EXAMPLE 3  ]" name="Testing the [ Built ] version of [ PokeAPI ] with [ HelpComment.Tests.ps1 ].[ PokeAPI ] module help tests.[ Get-PokeBerryFirmness ].[ Get-PokeBerryFirmness ] - Example has example code &amp; description   - [  EXAMPLE 3  ]" time="0.0026" asserts="0" success="True" result="Success" executed="True" />
                          <test-case description="[ Get-PokeBerryFirmness ] - Example has example code &amp; description   - [  EXAMPLE 4  ]" name="Testing the [ Built ] version of [ PokeAPI ] with [ HelpComment.Tests.ps1 ].[ PokeAPI ] module help tests.[ Get-PokeBerryFirmness ].[ Get-PokeBerryFirmness ] - Example has example code &amp; description   - [  EXAMPLE 4  ]" time="0.0026" asserts="0" success="True" result="Success" executed="True" />
                        </results>
                      </test-suite>
                    </results>
                  </test-suite>
                </results>
              </test-suite>
              <test-suite type="TestFixture" name="Testing the [ Built ] version of [ PokeAPI ] with [ HelpComment.Tests.ps1 ].[ PokeAPI ] module help tests" executed="True" result="Success" success="True" time="0.4526" asserts="0" description="Testing the [ Built ] version of [ PokeAPI ] with [ HelpComment.Tests.ps1 ].[ PokeAPI ] module help tests">
                <results>
                  <test-suite type="TestFixture" name="Testing the [ Built ] version of [ PokeAPI ] with [ HelpComment.Tests.ps1 ].[ PokeAPI ] module help tests.[ Get-PokeBerryFlavor ]" executed="True" result="Success" success="True" time="0.0526" asserts="0" description="Testing the [ Built ] version of [ PokeAPI ] with [ HelpComment.Tests.ps1 ].[ PokeAPI ] module help tests.[ Get-PokeBerryFlavor ]">
                    <results>
                      <test-case description="[ Get-PokeBerryFlavor ] contains comment based help" name="Testing the [ Built ] version of [ PokeAPI ] with [ HelpComment.Tests.ps1 ].[ PokeAPI ] module help tests.[ Get-PokeBerryFlavor ].[ Get-PokeBerryFlavor ] contains comment based help" time="0.0025" asserts="0" success="True" result="Success" executed="True" />
                      <test-case description="[ Get-PokeBerryFlavor ] contains a synopsis" name="Testing the [ Built ] version of [ PokeAPI ] with [ HelpComment.Tests.ps1 ].[ PokeAPI ] module help tests.[ Get-PokeBerryFlavor ].[ Get-PokeBerryFlavor ] contains a synopsis" time="0.0022" asserts="0" success="True" result="Success" executed="True" />
                      <test-case description="[ Get-PokeBerryFlavor ] contains a description" name="Testing the [ Built ] version of [ PokeAPI ] with [ HelpComment.Tests.ps1 ].[ PokeAPI ] module help tests.[ Get-PokeBerryFlavor ].[ Get-PokeBerryFlavor ] contains a description" time="0.0021" asserts="0" success="True" result="Success" executed="True" />
                      <test-case description="[ Get-PokeBerryFlavor ] contains at least one usage example" name="Testing the [ Built ] version of [ PokeAPI ] with [ HelpComment.Tests.ps1 ].[ PokeAPI ] module help tests.[ Get-PokeBerryFlavor ].[ Get-PokeBerryFlavor ] contains at least one usage example" time="0.0026" asserts="0" success="True" result="Success" executed="True" />
                      <test-case description="[ Get-PokeBerryFlavor ] contains a note" name="Testing the [ Built ] version of [ PokeAPI ] with [ HelpComment.Tests.ps1 ].[ PokeAPI ] module help tests.[ Get-PokeBerryFlavor ].[ Get-PokeBerryFlavor ] contains a note" time="0.0021" asserts="0" success="True" result="Success" executed="True" />
                      <test-case description="[ Get-PokeBerryFlavor ] contains a link" name="Testing the [ Built ] version of [ PokeAPI ] with [ HelpComment.Tests.ps1 ].[ PokeAPI ] module help tests.[ Get-PokeBerryFlavor ].[ Get-PokeBerryFlavor ] contains a link" time="0.0021" asserts="0" success="True" result="Success" executed="True" />
                      <test-suite type="ParameterizedTest" name="Testing the [ Built ] version of [ PokeAPI ] with [ HelpComment.Tests.ps1 ].[ PokeAPI ] module help tests.[ Get-PokeBerryFlavor ].[ Get-PokeBerryFlavor ] - Parameter has a description - [ &lt;_.name&gt; ]" executed="True" result="Success" success="True" time="0.0233" asserts="0" description="[ Get-PokeBerryFlavor ] - Parameter has a description - [ &lt;_.name&gt; ]">
                        <results>
                          <test-case description="[ Get-PokeBerryFlavor ] - Parameter has a description - [ id ]" name="Testing the [ Built ] version of [ PokeAPI ] with [ HelpComment.Tests.ps1 ].[ PokeAPI ] module help tests.[ Get-PokeBerryFlavor ].[ Get-PokeBerryFlavor ] - Parameter has a description - [ id ]" time="0.0022" asserts="0" success="True" result="Success" executed="True" />
                          <test-case description="[ Get-PokeBerryFlavor ] - Parameter has a description - [ name ]" name="Testing the [ Built ] version of [ PokeAPI ] with [ HelpComment.Tests.ps1 ].[ PokeAPI ] module help tests.[ Get-PokeBerryFlavor ].[ Get-PokeBerryFlavor ] - Parameter has a description - [ name ]" time="0.0021" asserts="0" success="True" result="Success" executed="True" />
                          <test-case description="[ Get-PokeBerryFlavor ] - Parameter has a description - [ offset ]" name="Testing the [ Built ] version of [ PokeAPI ] with [ HelpComment.Tests.ps1 ].[ PokeAPI ] module help tests.[ Get-PokeBerryFlavor ].[ Get-PokeBerryFlavor ] - Parameter has a description - [ offset ]" time="0.0024" asserts="0" success="True" result="Success" executed="True" />
                          <test-case description="[ Get-PokeBerryFlavor ] - Parameter has a description - [ limit ]" name="Testing the [ Built ] version of [ PokeAPI ] with [ HelpComment.Tests.ps1 ].[ PokeAPI ] module help tests.[ Get-PokeBerryFlavor ].[ Get-PokeBerryFlavor ] - Parameter has a description - [ limit ]" time="0.0022" asserts="0" success="True" result="Success" executed="True" />
                          <test-case description="[ Get-PokeBerryFlavor ] - Parameter has a description - [ allPages ]" name="Testing the [ Built ] version of [ PokeAPI ] with [ HelpComment.Tests.ps1 ].[ PokeAPI ] module help tests.[ Get-PokeBerryFlavor ].[ Get-PokeBerryFlavor ] - Parameter has a description - [ allPages ]" time="0.0144" asserts="0" success="True" result="Success" executed="True" />
                        </results>
                      </test-suite>
                      <test-suite type="ParameterizedTest" name="Testing the [ Built ] version of [ PokeAPI ] with [ HelpComment.Tests.ps1 ].[ PokeAPI ] module help tests.[ Get-PokeBerryFlavor ].[ Get-PokeBerryFlavor ] - Example has example code &amp; description   - [ &lt;_.title -replace '-'.''&gt; ]" executed="True" result="Success" success="True" time="0.0107" asserts="0" description="[ Get-PokeBerryFlavor ] - Example has example code &amp; description   - [ &lt;_.title -replace '-'.''&gt; ]">
                        <results>
                          <test-case description="[ Get-PokeBerryFlavor ] - Example has example code &amp; description   - [  EXAMPLE 1  ]" name="Testing the [ Built ] version of [ PokeAPI ] with [ HelpComment.Tests.ps1 ].[ PokeAPI ] module help tests.[ Get-PokeBerryFlavor ].[ Get-PokeBerryFlavor ] - Example has example code &amp; description   - [  EXAMPLE 1  ]" time="0.0027" asserts="0" success="True" result="Success" executed="True" />
                          <test-case description="[ Get-PokeBerryFlavor ] - Example has example code &amp; description   - [  EXAMPLE 2  ]" name="Testing the [ Built ] version of [ PokeAPI ] with [ HelpComment.Tests.ps1 ].[ PokeAPI ] module help tests.[ Get-PokeBerryFlavor ].[ Get-PokeBerryFlavor ] - Example has example code &amp; description   - [  EXAMPLE 2  ]" time="0.0027" asserts="0" success="True" result="Success" executed="True" />
                          <test-case description="[ Get-PokeBerryFlavor ] - Example has example code &amp; description   - [  EXAMPLE 3  ]" name="Testing the [ Built ] version of [ PokeAPI ] with [ HelpComment.Tests.ps1 ].[ PokeAPI ] module help tests.[ Get-PokeBerryFlavor ].[ Get-PokeBerryFlavor ] - Example has example code &amp; description   - [  EXAMPLE 3  ]" time="0.0027" asserts="0" success="True" result="Success" executed="True" />
                          <test-case description="[ Get-PokeBerryFlavor ] - Example has example code &amp; description   - [  EXAMPLE 4  ]" name="Testing the [ Built ] version of [ PokeAPI ] with [ HelpComment.Tests.ps1 ].[ PokeAPI ] module help tests.[ Get-PokeBerryFlavor ].[ Get-PokeBerryFlavor ] - Example has example code &amp; description   - [  EXAMPLE 4  ]" time="0.0027" asserts="0" success="True" result="Success" executed="True" />
                        </results>
                      </test-suite>
                    </results>
                  </test-suite>
                </results>
              </test-suite>
              <test-suite type="TestFixture" name="Testing the [ Built ] version of [ PokeAPI ] with [ HelpComment.Tests.ps1 ].[ PokeAPI ] module help tests" executed="True" result="Success" success="True" time="0.5042" asserts="0" description="Testing the [ Built ] version of [ PokeAPI ] with [ HelpComment.Tests.ps1 ].[ PokeAPI ] module help tests">
                <results>
                  <test-suite type="TestFixture" name="Testing the [ Built ] version of [ PokeAPI ] with [ HelpComment.Tests.ps1 ].[ PokeAPI ] module help tests.[ Get-PokeContestEffect ]" executed="True" result="Success" success="True" time="0.0478" asserts="0" description="Testing the [ Built ] version of [ PokeAPI ] with [ HelpComment.Tests.ps1 ].[ PokeAPI ] module help tests.[ Get-PokeContestEffect ]">
                    <results>
                      <test-case description="[ Get-PokeContestEffect ] contains comment based help" name="Testing the [ Built ] version of [ PokeAPI ] with [ HelpComment.Tests.ps1 ].[ PokeAPI ] module help tests.[ Get-PokeContestEffect ].[ Get-PokeContestEffect ] contains comment based help" time="0.0024" asserts="0" success="True" result="Success" executed="True" />
                      <test-case description="[ Get-PokeContestEffect ] contains a synopsis" name="Testing the [ Built ] version of [ PokeAPI ] with [ HelpComment.Tests.ps1 ].[ PokeAPI ] module help tests.[ Get-PokeContestEffect ].[ Get-PokeContestEffect ] contains a synopsis" time="0.0021" asserts="0" success="True" result="Success" executed="True" />
                      <test-case description="[ Get-PokeContestEffect ] contains a description" name="Testing the [ Built ] version of [ PokeAPI ] with [ HelpComment.Tests.ps1 ].[ PokeAPI ] module help tests.[ Get-PokeContestEffect ].[ Get-PokeContestEffect ] contains a description" time="0.0022" asserts="0" success="True" result="Success" executed="True" />
                      <test-case description="[ Get-PokeContestEffect ] contains at least one usage example" name="Testing the [ Built ] version of [ PokeAPI ] with [ HelpComment.Tests.ps1 ].[ PokeAPI ] module help tests.[ Get-PokeContestEffect ].[ Get-PokeContestEffect ] contains at least one usage example" time="0.0026" asserts="0" success="True" result="Success" executed="True" />
                      <test-case description="[ Get-PokeContestEffect ] contains a note" name="Testing the [ Built ] version of [ PokeAPI ] with [ HelpComment.Tests.ps1 ].[ PokeAPI ] module help tests.[ Get-PokeContestEffect ].[ Get-PokeContestEffect ] contains a note" time="0.0022" asserts="0" success="True" result="Success" executed="True" />
                      <test-case description="[ Get-PokeContestEffect ] contains a link" name="Testing the [ Built ] version of [ PokeAPI ] with [ HelpComment.Tests.ps1 ].[ PokeAPI ] module help tests.[ Get-PokeContestEffect ].[ Get-PokeContestEffect ] contains a link" time="0.002" asserts="0" success="True" result="Success" executed="True" />
                      <test-suite type="ParameterizedTest" name="Testing the [ Built ] version of [ PokeAPI ] with [ HelpComment.Tests.ps1 ].[ PokeAPI ] module help tests.[ Get-PokeContestEffect ].[ Get-PokeContestEffect ] - Parameter has a description - [ &lt;_.name&gt; ]" executed="True" result="Success" success="True" time="0.0107" asserts="0" description="[ Get-PokeContestEffect ] - Parameter has a description - [ &lt;_.name&gt; ]">
                        <results>
                          <test-case description="[ Get-PokeContestEffect ] - Parameter has a description - [ id ]" name="Testing the [ Built ] version of [ PokeAPI ] with [ HelpComment.Tests.ps1 ].[ PokeAPI ] module help tests.[ Get-PokeContestEffect ].[ Get-PokeContestEffect ] - Parameter has a description - [ id ]" time="0.0022" asserts="0" success="True" result="Success" executed="True" />
                          <test-case description="[ Get-PokeContestEffect ] - Parameter has a description - [ name ]" name="Testing the [ Built ] version of [ PokeAPI ] with [ HelpComment.Tests.ps1 ].[ PokeAPI ] module help tests.[ Get-PokeContestEffect ].[ Get-PokeContestEffect ] - Parameter has a description - [ name ]" time="0.0021" asserts="0" success="True" result="Success" executed="True" />
                          <test-case description="[ Get-PokeContestEffect ] - Parameter has a description - [ offset ]" name="Testing the [ Built ] version of [ PokeAPI ] with [ HelpComment.Tests.ps1 ].[ PokeAPI ] module help tests.[ Get-PokeContestEffect ].[ Get-PokeContestEffect ] - Parameter has a description - [ offset ]" time="0.0021" asserts="0" success="True" result="Success" executed="True" />
                          <test-case description="[ Get-PokeContestEffect ] - Parameter has a description - [ limit ]" name="Testing the [ Built ] version of [ PokeAPI ] with [ HelpComment.Tests.ps1 ].[ PokeAPI ] module help tests.[ Get-PokeContestEffect ].[ Get-PokeContestEffect ] - Parameter has a description - [ limit ]" time="0.0021" asserts="0" success="True" result="Success" executed="True" />
                          <test-case description="[ Get-PokeContestEffect ] - Parameter has a description - [ allPages ]" name="Testing the [ Built ] version of [ PokeAPI ] with [ HelpComment.Tests.ps1 ].[ PokeAPI ] module help tests.[ Get-PokeContestEffect ].[ Get-PokeContestEffect ] - Parameter has a description - [ allPages ]" time="0.0021" asserts="0" success="True" result="Success" executed="True" />
                        </results>
                      </test-suite>
                      <test-suite type="ParameterizedTest" name="Testing the [ Built ] version of [ PokeAPI ] with [ HelpComment.Tests.ps1 ].[ PokeAPI ] module help tests.[ Get-PokeContestEffect ].[ Get-PokeContestEffect ] - Example has example code &amp; description   - [ &lt;_.title -replace '-'.''&gt; ]" executed="True" result="Success" success="True" time="0.0148" asserts="0" description="[ Get-PokeContestEffect ] - Example has example code &amp; description   - [ &lt;_.title -replace '-'.''&gt; ]">
                        <results>
                          <test-case description="[ Get-PokeContestEffect ] - Example has example code &amp; description   - [  EXAMPLE 1  ]" name="Testing the [ Built ] version of [ PokeAPI ] with [ HelpComment.Tests.ps1 ].[ PokeAPI ] module help tests.[ Get-PokeContestEffect ].[ Get-PokeContestEffect ] - Example has example code &amp; description   - [  EXAMPLE 1  ]" time="0.0028" asserts="0" success="True" result="Success" executed="True" />
                          <test-case description="[ Get-PokeContestEffect ] - Example has example code &amp; description   - [  EXAMPLE 2  ]" name="Testing the [ Built ] version of [ PokeAPI ] with [ HelpComment.Tests.ps1 ].[ PokeAPI ] module help tests.[ Get-PokeContestEffect ].[ Get-PokeContestEffect ] - Example has example code &amp; description   - [  EXAMPLE 2  ]" time="0.0067" asserts="0" success="True" result="Success" executed="True" />
                          <test-case description="[ Get-PokeContestEffect ] - Example has example code &amp; description   - [  EXAMPLE 3  ]" name="Testing the [ Built ] version of [ PokeAPI ] with [ HelpComment.Tests.ps1 ].[ PokeAPI ] module help tests.[ Get-PokeContestEffect ].[ Get-PokeContestEffect ] - Example has example code &amp; description   - [  EXAMPLE 3  ]" time="0.0027" asserts="0" success="True" result="Success" executed="True" />
                          <test-case description="[ Get-PokeContestEffect ] - Example has example code &amp; description   - [  EXAMPLE 4  ]" name="Testing the [ Built ] version of [ PokeAPI ] with [ HelpComment.Tests.ps1 ].[ PokeAPI ] module help tests.[ Get-PokeContestEffect ].[ Get-PokeContestEffect ] - Example has example code &amp; description   - [  EXAMPLE 4  ]" time="0.0027" asserts="0" success="True" result="Success" executed="True" />
                        </results>
                      </test-suite>
                    </results>
                  </test-suite>
                </results>
              </test-suite>
              <test-suite type="TestFixture" name="Testing the [ Built ] version of [ PokeAPI ] with [ HelpComment.Tests.ps1 ].[ PokeAPI ] module help tests" executed="True" result="Success" success="True" time="0.5564" asserts="0" description="Testing the [ Built ] version of [ PokeAPI ] with [ HelpComment.Tests.ps1 ].[ PokeAPI ] module help tests">
                <results>
                  <test-suite type="TestFixture" name="Testing the [ Built ] version of [ PokeAPI ] with [ HelpComment.Tests.ps1 ].[ PokeAPI ] module help tests.[ Get-PokeContestSuperEffect ]" executed="True" result="Success" success="True" time="0.0485" asserts="0" description="Testing the [ Built ] version of [ PokeAPI ] with [ HelpComment.Tests.ps1 ].[ PokeAPI ] module help tests.[ Get-PokeContestSuperEffect ]">
                    <results>
                      <test-case description="[ Get-PokeContestSuperEffect ] contains comment based help" name="Testing the [ Built ] version of [ PokeAPI ] with [ HelpComment.Tests.ps1 ].[ PokeAPI ] module help tests.[ Get-PokeContestSuperEffect ].[ Get-PokeContestSuperEffect ] contains comment based help" time="0.0024" asserts="0" success="True" result="Success" executed="True" />
                      <test-case description="[ Get-PokeContestSuperEffect ] contains a synopsis" name="Testing the [ Built ] version of [ PokeAPI ] with [ HelpComment.Tests.ps1 ].[ PokeAPI ] module help tests.[ Get-PokeContestSuperEffect ].[ Get-PokeContestSuperEffect ] contains a synopsis" time="0.002" asserts="0" success="True" result="Success" executed="True" />
                      <test-case description="[ Get-PokeContestSuperEffect ] contains a description" name="Testing the [ Built ] version of [ PokeAPI ] with [ HelpComment.Tests.ps1 ].[ PokeAPI ] module help tests.[ Get-PokeContestSuperEffect ].[ Get-PokeContestSuperEffect ] contains a description" time="0.002" asserts="0" success="True" result="Success" executed="True" />
                      <test-case description="[ Get-PokeContestSuperEffect ] contains at least one usage example" name="Testing the [ Built ] version of [ PokeAPI ] with [ HelpComment.Tests.ps1 ].[ PokeAPI ] module help tests.[ Get-PokeContestSuperEffect ].[ Get-PokeContestSuperEffect ] contains at least one usage example" time="0.0026" asserts="0" success="True" result="Success" executed="True" />
                      <test-case description="[ Get-PokeContestSuperEffect ] contains a note" name="Testing the [ Built ] version of [ PokeAPI ] with [ HelpComment.Tests.ps1 ].[ PokeAPI ] module help tests.[ Get-PokeContestSuperEffect ].[ Get-PokeContestSuperEffect ] contains a note" time="0.0068" asserts="0" success="True" result="Success" executed="True" />
                      <test-case description="[ Get-PokeContestSuperEffect ] contains a link" name="Testing the [ Built ] version of [ PokeAPI ] with [ HelpComment.Tests.ps1 ].[ PokeAPI ] module help tests.[ Get-PokeContestSuperEffect ].[ Get-PokeContestSuperEffect ] contains a link" time="0.0023" asserts="0" success="True" result="Success" executed="True" />
                      <test-suite type="ParameterizedTest" name="Testing the [ Built ] version of [ PokeAPI ] with [ HelpComment.Tests.ps1 ].[ PokeAPI ] module help tests.[ Get-PokeContestSuperEffect ].[ Get-PokeContestSuperEffect ] - Parameter has a description - [ &lt;_.name&gt; ]" executed="True" result="Success" success="True" time="0.0109" asserts="0" description="[ Get-PokeContestSuperEffect ] - Parameter has a description - [ &lt;_.name&gt; ]">
                        <results>
                          <test-case description="[ Get-PokeContestSuperEffect ] - Parameter has a description - [ id ]" name="Testing the [ Built ] version of [ PokeAPI ] with [ HelpComment.Tests.ps1 ].[ PokeAPI ] module help tests.[ Get-PokeContestSuperEffect ].[ Get-PokeContestSuperEffect ] - Parameter has a description - [ id ]" time="0.0022" asserts="0" success="True" result="Success" executed="True" />
                          <test-case description="[ Get-PokeContestSuperEffect ] - Parameter has a description - [ name ]" name="Testing the [ Built ] version of [ PokeAPI ] with [ HelpComment.Tests.ps1 ].[ PokeAPI ] module help tests.[ Get-PokeContestSuperEffect ].[ Get-PokeContestSuperEffect ] - Parameter has a description - [ name ]" time="0.0021" asserts="0" success="True" result="Success" executed="True" />
                          <test-case description="[ Get-PokeContestSuperEffect ] - Parameter has a description - [ offset ]" name="Testing the [ Built ] version of [ PokeAPI ] with [ HelpComment.Tests.ps1 ].[ PokeAPI ] module help tests.[ Get-PokeContestSuperEffect ].[ Get-PokeContestSuperEffect ] - Parameter has a description - [ offset ]" time="0.0022" asserts="0" success="True" result="Success" executed="True" />
                          <test-case description="[ Get-PokeContestSuperEffect ] - Parameter has a description - [ limit ]" name="Testing the [ Built ] version of [ PokeAPI ] with [ HelpComment.Tests.ps1 ].[ PokeAPI ] module help tests.[ Get-PokeContestSuperEffect ].[ Get-PokeContestSuperEffect ] - Parameter has a description - [ limit ]" time="0.0021" asserts="0" success="True" result="Success" executed="True" />
                          <test-case description="[ Get-PokeContestSuperEffect ] - Parameter has a description - [ allPages ]" name="Testing the [ Built ] version of [ PokeAPI ] with [ HelpComment.Tests.ps1 ].[ PokeAPI ] module help tests.[ Get-PokeContestSuperEffect ].[ Get-PokeContestSuperEffect ] - Parameter has a description - [ allPages ]" time="0.0023" asserts="0" success="True" result="Success" executed="True" />
                        </results>
                      </test-suite>
                      <test-suite type="ParameterizedTest" name="Testing the [ Built ] version of [ PokeAPI ] with [ HelpComment.Tests.ps1 ].[ PokeAPI ] module help tests.[ Get-PokeContestSuperEffect ].[ Get-PokeContestSuperEffect ] - Example has example code &amp; description   - [ &lt;_.title -replace '-'.''&gt; ]" executed="True" result="Success" success="True" time="0.0107" asserts="0" description="[ Get-PokeContestSuperEffect ] - Example has example code &amp; description   - [ &lt;_.title -replace '-'.''&gt; ]">
                        <results>
                          <test-case description="[ Get-PokeContestSuperEffect ] - Example has example code &amp; description   - [  EXAMPLE 1  ]" name="Testing the [ Built ] version of [ PokeAPI ] with [ HelpComment.Tests.ps1 ].[ PokeAPI ] module help tests.[ Get-PokeContestSuperEffect ].[ Get-PokeContestSuperEffect ] - Example has example code &amp; description   - [  EXAMPLE 1  ]" time="0.0027" asserts="0" success="True" result="Success" executed="True" />
                          <test-case description="[ Get-PokeContestSuperEffect ] - Example has example code &amp; description   - [  EXAMPLE 2  ]" name="Testing the [ Built ] version of [ PokeAPI ] with [ HelpComment.Tests.ps1 ].[ PokeAPI ] module help tests.[ Get-PokeContestSuperEffect ].[ Get-PokeContestSuperEffect ] - Example has example code &amp; description   - [  EXAMPLE 2  ]" time="0.0026" asserts="0" success="True" result="Success" executed="True" />
                          <test-case description="[ Get-PokeContestSuperEffect ] - Example has example code &amp; description   - [  EXAMPLE 3  ]" name="Testing the [ Built ] version of [ PokeAPI ] with [ HelpComment.Tests.ps1 ].[ PokeAPI ] module help tests.[ Get-PokeContestSuperEffect ].[ Get-PokeContestSuperEffect ] - Example has example code &amp; description   - [  EXAMPLE 3  ]" time="0.0026" asserts="0" success="True" result="Success" executed="True" />
                          <test-case description="[ Get-PokeContestSuperEffect ] - Example has example code &amp; description   - [  EXAMPLE 4  ]" name="Testing the [ Built ] version of [ PokeAPI ] with [ HelpComment.Tests.ps1 ].[ PokeAPI ] module help tests.[ Get-PokeContestSuperEffect ].[ Get-PokeContestSuperEffect ] - Example has example code &amp; description   - [  EXAMPLE 4  ]" time="0.0027" asserts="0" success="True" result="Success" executed="True" />
                        </results>
                      </test-suite>
                    </results>
                  </test-suite>
                </results>
              </test-suite>
              <test-suite type="TestFixture" name="Testing the [ Built ] version of [ PokeAPI ] with [ HelpComment.Tests.ps1 ].[ PokeAPI ] module help tests" executed="True" result="Success" success="True" time="0.6048" asserts="0" description="Testing the [ Built ] version of [ PokeAPI ] with [ HelpComment.Tests.ps1 ].[ PokeAPI ] module help tests">
                <results>
                  <test-suite type="TestFixture" name="Testing the [ Built ] version of [ PokeAPI ] with [ HelpComment.Tests.ps1 ].[ PokeAPI ] module help tests.[ Get-PokeContestType ]" executed="True" result="Success" success="True" time="0.0447" asserts="0" description="Testing the [ Built ] version of [ PokeAPI ] with [ HelpComment.Tests.ps1 ].[ PokeAPI ] module help tests.[ Get-PokeContestType ]">
                    <results>
                      <test-case description="[ Get-PokeContestType ] contains comment based help" name="Testing the [ Built ] version of [ PokeAPI ] with [ HelpComment.Tests.ps1 ].[ PokeAPI ] module help tests.[ Get-PokeContestType ].[ Get-PokeContestType ] contains comment based help" time="0.0024" asserts="0" success="True" result="Success" executed="True" />
                      <test-case description="[ Get-PokeContestType ] contains a synopsis" name="Testing the [ Built ] version of [ PokeAPI ] with [ HelpComment.Tests.ps1 ].[ PokeAPI ] module help tests.[ Get-PokeContestType ].[ Get-PokeContestType ] contains a synopsis" time="0.002" asserts="0" success="True" result="Success" executed="True" />
                      <test-case description="[ Get-PokeContestType ] contains a description" name="Testing the [ Built ] version of [ PokeAPI ] with [ HelpComment.Tests.ps1 ].[ PokeAPI ] module help tests.[ Get-PokeContestType ].[ Get-PokeContestType ] contains a description" time="0.002" asserts="0" success="True" result="Success" executed="True" />
                      <test-case description="[ Get-PokeContestType ] contains at least one usage example" name="Testing the [ Built ] version of [ PokeAPI ] with [ HelpComment.Tests.ps1 ].[ PokeAPI ] module help tests.[ Get-PokeContestType ].[ Get-PokeContestType ] contains at least one usage example" time="0.0026" asserts="0" success="True" result="Success" executed="True" />
                      <test-case description="[ Get-PokeContestType ] contains a note" name="Testing the [ Built ] version of [ PokeAPI ] with [ HelpComment.Tests.ps1 ].[ PokeAPI ] module help tests.[ Get-PokeContestType ].[ Get-PokeContestType ] contains a note" time="0.0023" asserts="0" success="True" result="Success" executed="True" />
                      <test-case description="[ Get-PokeContestType ] contains a link" name="Testing the [ Built ] version of [ PokeAPI ] with [ HelpComment.Tests.ps1 ].[ PokeAPI ] module help tests.[ Get-PokeContestType ].[ Get-PokeContestType ] contains a link" time="0.0021" asserts="0" success="True" result="Success" executed="True" />
                      <test-suite type="ParameterizedTest" name="Testing the [ Built ] version of [ PokeAPI ] with [ HelpComment.Tests.ps1 ].[ PokeAPI ] module help tests.[ Get-PokeContestType ].[ Get-PokeContestType ] - Parameter has a description - [ &lt;_.name&gt; ]" executed="True" result="Success" success="True" time="0.0158" asserts="0" description="[ Get-PokeContestType ] - Parameter has a description - [ &lt;_.name&gt; ]">
                        <results>
                          <test-case description="[ Get-PokeContestType ] - Parameter has a description - [ id ]" name="Testing the [ Built ] version of [ PokeAPI ] with [ HelpComment.Tests.ps1 ].[ PokeAPI ] module help tests.[ Get-PokeContestType ].[ Get-PokeContestType ] - Parameter has a description - [ id ]" time="0.0022" asserts="0" success="True" result="Success" executed="True" />
                          <test-case description="[ Get-PokeContestType ] - Parameter has a description - [ name ]" name="Testing the [ Built ] version of [ PokeAPI ] with [ HelpComment.Tests.ps1 ].[ PokeAPI ] module help tests.[ Get-PokeContestType ].[ Get-PokeContestType ] - Parameter has a description - [ name ]" time="0.0068" asserts="0" success="True" result="Success" executed="True" />
                          <test-case description="[ Get-PokeContestType ] - Parameter has a description - [ offset ]" name="Testing the [ Built ] version of [ PokeAPI ] with [ HelpComment.Tests.ps1 ].[ PokeAPI ] module help tests.[ Get-PokeContestType ].[ Get-PokeContestType ] - Parameter has a description - [ offset ]" time="0.0022" asserts="0" success="True" result="Success" executed="True" />
                          <test-case description="[ Get-PokeContestType ] - Parameter has a description - [ limit ]" name="Testing the [ Built ] version of [ PokeAPI ] with [ HelpComment.Tests.ps1 ].[ PokeAPI ] module help tests.[ Get-PokeContestType ].[ Get-PokeContestType ] - Parameter has a description - [ limit ]" time="0.0024" asserts="0" success="True" result="Success" executed="True" />
                          <test-case description="[ Get-PokeContestType ] - Parameter has a description - [ allPages ]" name="Testing the [ Built ] version of [ PokeAPI ] with [ HelpComment.Tests.ps1 ].[ PokeAPI ] module help tests.[ Get-PokeContestType ].[ Get-PokeContestType ] - Parameter has a description - [ allPages ]" time="0.0022" asserts="0" success="True" result="Success" executed="True" />
                        </results>
                      </test-suite>
                      <test-suite type="ParameterizedTest" name="Testing the [ Built ] version of [ PokeAPI ] with [ HelpComment.Tests.ps1 ].[ PokeAPI ] module help tests.[ Get-PokeContestType ].[ Get-PokeContestType ] - Example has example code &amp; description   - [ &lt;_.title -replace '-'.''&gt; ]" executed="True" result="Success" success="True" time="0.0106" asserts="0" description="[ Get-PokeContestType ] - Example has example code &amp; description   - [ &lt;_.title -replace '-'.''&gt; ]">
                        <results>
                          <test-case description="[ Get-PokeContestType ] - Example has example code &amp; description   - [  EXAMPLE 1  ]" name="Testing the [ Built ] version of [ PokeAPI ] with [ HelpComment.Tests.ps1 ].[ PokeAPI ] module help tests.[ Get-PokeContestType ].[ Get-PokeContestType ] - Example has example code &amp; description   - [  EXAMPLE 1  ]" time="0.0027" asserts="0" success="True" result="Success" executed="True" />
                          <test-case description="[ Get-PokeContestType ] - Example has example code &amp; description   - [  EXAMPLE 2  ]" name="Testing the [ Built ] version of [ PokeAPI ] with [ HelpComment.Tests.ps1 ].[ PokeAPI ] module help tests.[ Get-PokeContestType ].[ Get-PokeContestType ] - Example has example code &amp; description   - [  EXAMPLE 2  ]" time="0.0026" asserts="0" success="True" result="Success" executed="True" />
                          <test-case description="[ Get-PokeContestType ] - Example has example code &amp; description   - [  EXAMPLE 3  ]" name="Testing the [ Built ] version of [ PokeAPI ] with [ HelpComment.Tests.ps1 ].[ PokeAPI ] module help tests.[ Get-PokeContestType ].[ Get-PokeContestType ] - Example has example code &amp; description   - [  EXAMPLE 3  ]" time="0.0026" asserts="0" success="True" result="Success" executed="True" />
                          <test-case description="[ Get-PokeContestType ] - Example has example code &amp; description   - [  EXAMPLE 4  ]" name="Testing the [ Built ] version of [ PokeAPI ] with [ HelpComment.Tests.ps1 ].[ PokeAPI ] module help tests.[ Get-PokeContestType ].[ Get-PokeContestType ] - Example has example code &amp; description   - [  EXAMPLE 4  ]" time="0.0026" asserts="0" success="True" result="Success" executed="True" />
                        </results>
                      </test-suite>
                    </results>
                  </test-suite>
                </results>
              </test-suite>
              <test-suite type="TestFixture" name="Testing the [ Built ] version of [ PokeAPI ] with [ HelpComment.Tests.ps1 ].[ PokeAPI ] module help tests" executed="True" result="Success" success="True" time="0.6702" asserts="0" description="Testing the [ Built ] version of [ PokeAPI ] with [ HelpComment.Tests.ps1 ].[ PokeAPI ] module help tests">
                <results>
                  <test-suite type="TestFixture" name="Testing the [ Built ] version of [ PokeAPI ] with [ HelpComment.Tests.ps1 ].[ PokeAPI ] module help tests.[ Get-PokeEncounterCondition ]" executed="True" result="Success" success="True" time="0.0616" asserts="0" description="Testing the [ Built ] version of [ PokeAPI ] with [ HelpComment.Tests.ps1 ].[ PokeAPI ] module help tests.[ Get-PokeEncounterCondition ]">
                    <results>
                      <test-case description="[ Get-PokeEncounterCondition ] contains comment based help" name="Testing the [ Built ] version of [ PokeAPI ] with [ HelpComment.Tests.ps1 ].[ PokeAPI ] module help tests.[ Get-PokeEncounterCondition ].[ Get-PokeEncounterCondition ] contains comment based help" time="0.0025" asserts="0" success="True" result="Success" executed="True" />
                      <test-case description="[ Get-PokeEncounterCondition ] contains a synopsis" name="Testing the [ Built ] version of [ PokeAPI ] with [ HelpComment.Tests.ps1 ].[ PokeAPI ] module help tests.[ Get-PokeEncounterCondition ].[ Get-PokeEncounterCondition ] contains a synopsis" time="0.002" asserts="0" success="True" result="Success" executed="True" />
                      <test-case description="[ Get-PokeEncounterCondition ] contains a description" name="Testing the [ Built ] version of [ PokeAPI ] with [ HelpComment.Tests.ps1 ].[ PokeAPI ] module help tests.[ Get-PokeEncounterCondition ].[ Get-PokeEncounterCondition ] contains a description" time="0.002" asserts="0" success="True" result="Success" executed="True" />
                      <test-case description="[ Get-PokeEncounterCondition ] contains at least one usage example" name="Testing the [ Built ] version of [ PokeAPI ] with [ HelpComment.Tests.ps1 ].[ PokeAPI ] module help tests.[ Get-PokeEncounterCondition ].[ Get-PokeEncounterCondition ] contains at least one usage example" time="0.0026" asserts="0" success="True" result="Success" executed="True" />
                      <test-case description="[ Get-PokeEncounterCondition ] contains a note" name="Testing the [ Built ] version of [ PokeAPI ] with [ HelpComment.Tests.ps1 ].[ PokeAPI ] module help tests.[ Get-PokeEncounterCondition ].[ Get-PokeEncounterCondition ] contains a note" time="0.0021" asserts="0" success="True" result="Success" executed="True" />
                      <test-case description="[ Get-PokeEncounterCondition ] contains a link" name="Testing the [ Built ] version of [ PokeAPI ] with [ HelpComment.Tests.ps1 ].[ PokeAPI ] module help tests.[ Get-PokeEncounterCondition ].[ Get-PokeEncounterCondition ] contains a link" time="0.0021" asserts="0" success="True" result="Success" executed="True" />
                      <test-suite type="ParameterizedTest" name="Testing the [ Built ] version of [ PokeAPI ] with [ HelpComment.Tests.ps1 ].[ PokeAPI ] module help tests.[ Get-PokeEncounterCondition ].[ Get-PokeEncounterCondition ] - Parameter has a description - [ &lt;_.name&gt; ]" executed="True" result="Success" success="True" time="0.0155" asserts="0" description="[ Get-PokeEncounterCondition ] - Parameter has a description - [ &lt;_.name&gt; ]">
                        <results>
                          <test-case description="[ Get-PokeEncounterCondition ] - Parameter has a description - [ id ]" name="Testing the [ Built ] version of [ PokeAPI ] with [ HelpComment.Tests.ps1 ].[ PokeAPI ] module help tests.[ Get-PokeEncounterCondition ].[ Get-PokeEncounterCondition ] - Parameter has a description - [ id ]" time="0.0022" asserts="0" success="True" result="Success" executed="True" />
                          <test-case description="[ Get-PokeEncounterCondition ] - Parameter has a description - [ name ]" name="Testing the [ Built ] version of [ PokeAPI ] with [ HelpComment.Tests.ps1 ].[ PokeAPI ] module help tests.[ Get-PokeEncounterCondition ].[ Get-PokeEncounterCondition ] - Parameter has a description - [ name ]" time="0.0021" asserts="0" success="True" result="Success" executed="True" />
                          <test-case description="[ Get-PokeEncounterCondition ] - Parameter has a description - [ offset ]" name="Testing the [ Built ] version of [ PokeAPI ] with [ HelpComment.Tests.ps1 ].[ PokeAPI ] module help tests.[ Get-PokeEncounterCondition ].[ Get-PokeEncounterCondition ] - Parameter has a description - [ offset ]" time="0.0021" asserts="0" success="True" result="Success" executed="True" />
                          <test-case description="[ Get-PokeEncounterCondition ] - Parameter has a description - [ limit ]" name="Testing the [ Built ] version of [ PokeAPI ] with [ HelpComment.Tests.ps1 ].[ PokeAPI ] module help tests.[ Get-PokeEncounterCondition ].[ Get-PokeEncounterCondition ] - Parameter has a description - [ limit ]" time="0.0021" asserts="0" success="True" result="Success" executed="True" />
                          <test-case description="[ Get-PokeEncounterCondition ] - Parameter has a description - [ allPages ]" name="Testing the [ Built ] version of [ PokeAPI ] with [ HelpComment.Tests.ps1 ].[ PokeAPI ] module help tests.[ Get-PokeEncounterCondition ].[ Get-PokeEncounterCondition ] - Parameter has a description - [ allPages ]" time="0.007" asserts="0" success="True" result="Success" executed="True" />
                        </results>
                      </test-suite>
                      <test-suite type="ParameterizedTest" name="Testing the [ Built ] version of [ PokeAPI ] with [ HelpComment.Tests.ps1 ].[ PokeAPI ] module help tests.[ Get-PokeEncounterCondition ].[ Get-PokeEncounterCondition ] - Example has example code &amp; description   - [ &lt;_.title -replace '-'.''&gt; ]" executed="True" result="Success" success="True" time="0.0109" asserts="0" description="[ Get-PokeEncounterCondition ] - Example has example code &amp; description   - [ &lt;_.title -replace '-'.''&gt; ]">
                        <results>
                          <test-case description="[ Get-PokeEncounterCondition ] - Example has example code &amp; description   - [  EXAMPLE 1  ]" name="Testing the [ Built ] version of [ PokeAPI ] with [ HelpComment.Tests.ps1 ].[ PokeAPI ] module help tests.[ Get-PokeEncounterCondition ].[ Get-PokeEncounterCondition ] - Example has example code &amp; description   - [  EXAMPLE 1  ]" time="0.003" asserts="0" success="True" result="Success" executed="True" />
                          <test-case description="[ Get-PokeEncounterCondition ] - Example has example code &amp; description   - [  EXAMPLE 2  ]" name="Testing the [ Built ] version of [ PokeAPI ] with [ HelpComment.Tests.ps1 ].[ PokeAPI ] module help tests.[ Get-PokeEncounterCondition ].[ Get-PokeEncounterCondition ] - Example has example code &amp; description   - [  EXAMPLE 2  ]" time="0.0026" asserts="0" success="True" result="Success" executed="True" />
                          <test-case description="[ Get-PokeEncounterCondition ] - Example has example code &amp; description   - [  EXAMPLE 3  ]" name="Testing the [ Built ] version of [ PokeAPI ] with [ HelpComment.Tests.ps1 ].[ PokeAPI ] module help tests.[ Get-PokeEncounterCondition ].[ Get-PokeEncounterCondition ] - Example has example code &amp; description   - [  EXAMPLE 3  ]" time="0.0027" asserts="0" success="True" result="Success" executed="True" />
                          <test-case description="[ Get-PokeEncounterCondition ] - Example has example code &amp; description   - [  EXAMPLE 4  ]" name="Testing the [ Built ] version of [ PokeAPI ] with [ HelpComment.Tests.ps1 ].[ PokeAPI ] module help tests.[ Get-PokeEncounterCondition ].[ Get-PokeEncounterCondition ] - Example has example code &amp; description   - [  EXAMPLE 4  ]" time="0.0026" asserts="0" success="True" result="Success" executed="True" />
                        </results>
                      </test-suite>
                    </results>
                  </test-suite>
                </results>
              </test-suite>
              <test-suite type="TestFixture" name="Testing the [ Built ] version of [ PokeAPI ] with [ HelpComment.Tests.ps1 ].[ PokeAPI ] module help tests" executed="True" result="Success" success="True" time="0.7229" asserts="0" description="Testing the [ Built ] version of [ PokeAPI ] with [ HelpComment.Tests.ps1 ].[ PokeAPI ] module help tests">
                <results>
[...]
                        </results>
                      </test-suite>
                    </results>
                  </test-suite>
                </results>
              </test-suite>
            </results>
          </test-suite>
        </results>
      </test-suite>
      <test-suite type="TestFixture" name="C:\Celerium\Projects\_API\PokeAPI-PowerShellWrapper\tests\Private\baseUri\Add-PokeBaseURI.Tests.ps1" executed="True" result="Success" success="True" time="0.2016" asserts="0" description="C:\Celerium\Projects\_API\PokeAPI-PowerShellWrapper\tests\Private\baseUri\Add-PokeBaseURI.Tests.ps1">
        <results>
          <test-suite type="TestFixture" name="Testing [ Add-PokeBaseURI ] functions with [ Add-PokeBaseURI.Tests.ps1 ]" executed="True" result="Success" success="True" time="0.0242" asserts="0" description="Testing [ Add-PokeBaseURI ] functions with [ Add-PokeBaseURI.Tests.ps1 ]">
            <results>
              <test-suite type="TestFixture" name="Testing [ Add-PokeBaseURI ] functions with [ Add-PokeBaseURI.Tests.ps1 ].[ Add-PokeBaseURI ] testing functions" executed="True" result="Success" success="True" time="0.0203" asserts="0" description="Testing [ Add-PokeBaseURI ] functions with [ Add-PokeBaseURI.Tests.ps1 ].[ Add-PokeBaseURI ] testing functions">
                <results>
                  <test-case description="[ Add-PokeBaseURI ] should have an alias of [ Set-PokeBaseURI ]" name="Testing [ Add-PokeBaseURI ] functions with [ Add-PokeBaseURI.Tests.ps1 ].[ Add-PokeBaseURI ] testing functions.[ Add-PokeBaseURI ] should have an alias of [ Set-PokeBaseURI ]" time="0.0029" asserts="0" success="True" result="Success" executed="True" />
                  <test-case description="Without parameters should return the default URI" name="Testing [ Add-PokeBaseURI ] functions with [ Add-PokeBaseURI.Tests.ps1 ].[ Add-PokeBaseURI ] testing functions.Without parameters should return the default URI" time="0.0031" asserts="0" success="True" result="Success" executed="True" />
                  <test-case description="Should accept a value from the pipeline" name="Testing [ Add-PokeBaseURI ] functions with [ Add-PokeBaseURI.Tests.ps1 ].[ Add-PokeBaseURI ] testing functions.Should accept a value from the pipeline" time="0.0025" asserts="0" success="True" result="Success" executed="True" />
                  <test-case description="With parameter -base_uri  should return what was inputted" name="Testing [ Add-PokeBaseURI ] functions with [ Add-PokeBaseURI.Tests.ps1 ].[ Add-PokeBaseURI ] testing functions.With parameter -base_uri  should return what was inputted" time="0.0025" asserts="0" success="True" result="Success" executed="True" />
                  <test-case description="The default URI should NOT contain a trailing forward slash" name="Testing [ Add-PokeBaseURI ] functions with [ Add-PokeBaseURI.Tests.ps1 ].[ Add-PokeBaseURI ] testing functions.The default URI should NOT contain a trailing forward slash" time="0.0022" asserts="0" success="True" result="Success" executed="True" />
                  <test-case description="A custom URI should NOT contain a trailing forward slash" name="Testing [ Add-PokeBaseURI ] functions with [ Add-PokeBaseURI.Tests.ps1 ].[ Add-PokeBaseURI ] testing functions.A custom URI should NOT contain a trailing forward slash" time="0.0025" asserts="0" success="True" result="Success" executed="True" />
                </results>
              </test-suite>
            </results>
          </test-suite>
        </results>
      </test-suite>
      <test-suite type="TestFixture" name="C:\Celerium\Projects\_API\PokeAPI-PowerShellWrapper\tests\Private\baseUri\Get-PokeBaseURI.Tests.ps1" executed="True" result="Success" success="True" time="0.0657" asserts="0" description="C:\Celerium\Projects\_API\PokeAPI-PowerShellWrapper\tests\Private\baseUri\Get-PokeBaseURI.Tests.ps1">
        <results>
          <test-suite type="TestFixture" name="Testing [ Get-PokeBaseURI ] function with [ Get-PokeBaseURI.Tests.ps1 ]" executed="True" result="Success" success="True" time="0.0222" asserts="0" description="Testing [ Get-PokeBaseURI ] function with [ Get-PokeBaseURI.Tests.ps1 ]">
            <results>
              <test-suite type="TestFixture" name="Testing [ Get-PokeBaseURI ] function with [ Get-PokeBaseURI.Tests.ps1 ].[ Get-PokeBaseURI ] testing function" executed="True" result="Success" success="True" time="0.0186" asserts="0" description="Testing [ Get-PokeBaseURI ] function with [ Get-PokeBaseURI.Tests.ps1 ].[ Get-PokeBaseURI ] testing function">
                <results>
                  <test-case description="The default URI should be returned" name="Testing [ Get-PokeBaseURI ] function with [ Get-PokeBaseURI.Tests.ps1 ].[ Get-PokeBaseURI ] testing function.The default URI should be returned" time="0.0033" asserts="0" success="True" result="Success" executed="True" />
                  <test-case description="The URI should be a string" name="Testing [ Get-PokeBaseURI ] function with [ Get-PokeBaseURI.Tests.ps1 ].[ Get-PokeBaseURI ] testing function.The URI should be a string" time="0.0033" asserts="0" success="True" result="Success" executed="True" />
                  <test-case description="The default URI should NOT contain a trailing forward slash" name="Testing [ Get-PokeBaseURI ] function with [ Get-PokeBaseURI.Tests.ps1 ].[ Get-PokeBaseURI ] testing function.The default URI should NOT contain a trailing forward slash" time="0.0026" asserts="0" success="True" result="Success" executed="True" />
                  <test-case description="A custom URI should NOT contain a trailing forward slash" name="Testing [ Get-PokeBaseURI ] function with [ Get-PokeBaseURI.Tests.ps1 ].[ Get-PokeBaseURI ] testing function.A custom URI should NOT contain a trailing forward slash" time="0.0025" asserts="0" success="True" result="Success" executed="True" />
                  <test-case description="If the baseUri is not set a warning should be thrown" name="Testing [ Get-PokeBaseURI ] function with [ Get-PokeBaseURI.Tests.ps1 ].[ Get-PokeBaseURI ] testing function.If the baseUri is not set a warning should be thrown" time="0.0028" asserts="0" success="True" result="Success" executed="True" />
                </results>
              </test-suite>
            </results>
          </test-suite>
        </results>
      </test-suite>
      <test-suite type="TestFixture" name="C:\Celerium\Projects\_API\PokeAPI-PowerShellWrapper\tests\Private\baseUri\Remove-PokeBaseURI.Tests.ps1" executed="True" result="Success" success="True" time="0.0603" asserts="0" description="C:\Celerium\Projects\_API\PokeAPI-PowerShellWrapper\tests\Private\baseUri\Remove-PokeBaseURI.Tests.ps1">
        <results>
          <test-suite type="TestFixture" name="Testing [ Remove-PokeBaseURI ] function with [ Remove-PokeBaseURI.Tests.ps1 ]" executed="True" result="Success" success="True" time="0.0172" asserts="0" description="Testing [ Remove-PokeBaseURI ] function with [ Remove-PokeBaseURI.Tests.ps1 ]">
            <results>
              <test-suite type="TestFixture" name="Testing [ Remove-PokeBaseURI ] function with [ Remove-PokeBaseURI.Tests.ps1 ].[ Remove-PokeBaseURI ] testing function" executed="True" result="Success" success="True" time="0.0127" asserts="0" description="Testing [ Remove-PokeBaseURI ] function with [ Remove-PokeBaseURI.Tests.ps1 ].[ Remove-PokeBaseURI ] testing function">
                <results>
                  <test-case description="The baseUri variable should not longer exist" name="Testing [ Remove-PokeBaseURI ] function with [ Remove-PokeBaseURI.Tests.ps1 ].[ Remove-PokeBaseURI ] testing function.The baseUri variable should not longer exist" time="0.0056" asserts="0" success="True" result="Success" executed="True" />
                  <test-case description="If the baseUri is already gone a warning should be thrown" name="Testing [ Remove-PokeBaseURI ] function with [ Remove-PokeBaseURI.Tests.ps1 ].[ Remove-PokeBaseURI ] testing function.If the baseUri is already gone a warning should be thrown" time="0.0028" asserts="0" success="True" result="Success" executed="True" />
                </results>
              </test-suite>
            </results>
          </test-suite>
        </results>
      </test-suite>
      <test-suite type="TestFixture" name="C:\Celerium\Projects\_API\PokeAPI-PowerShellWrapper\tests\Private\moduleSettings\Export-PokeModuleSettings.Tests.ps1" executed="True" result="Success" success="True" time="0.0704" asserts="0" description="C:\Celerium\Projects\_API\PokeAPI-PowerShellWrapper\tests\Private\moduleSettings\Export-PokeModuleSettings.Tests.ps1">
        <results>
          <test-suite type="TestFixture" name="Testing [ Export-PokeModuleSettings ] function with [ Export-PokeModuleSettings.Tests.ps1 ]" executed="True" result="Success" success="True" time="0.0256" asserts="0" description="Testing [ Export-PokeModuleSettings ] function with [ Export-PokeModuleSettings.Tests.ps1 ]">
            <results>
              <test-suite type="TestFixture" name="Testing [ Export-PokeModuleSettings ] function with [ Export-PokeModuleSettings.Tests.ps1 ].[ Export-PokeModuleSettings ] testing function" executed="True" result="Success" success="True" time="0.0218" asserts="0" description="Testing [ Export-PokeModuleSettings ] function with [ Export-PokeModuleSettings.Tests.ps1 ].[ Export-PokeModuleSettings ] testing function">
                <results>
                  <test-case description="Should export successfully" name="Testing [ Export-PokeModuleSettings ] function with [ Export-PokeModuleSettings.Tests.ps1 ].[ Export-PokeModuleSettings ] testing function.Should export successfully" time="0.0059" asserts="0" success="True" result="Success" executed="True" />
                  <test-case description="Configuration directory should be hidden" name="Testing [ Export-PokeModuleSettings ] function with [ Export-PokeModuleSettings.Tests.ps1 ].[ Export-PokeModuleSettings ] testing function.Configuration directory should be hidden" time="0.0039" asserts="0" success="True" result="Success" executed="True" />
                  <test-case description="Configuration file should contain required values" name="Testing [ Export-PokeModuleSettings ] function with [ Export-PokeModuleSettings.Tests.ps1 ].[ Export-PokeModuleSettings ] testing function.Configuration file should contain required values" time="0.008" asserts="0" success="True" result="Success" executed="True" />
                </results>
              </test-suite>
            </results>
          </test-suite>
        </results>
      </test-suite>
      <test-suite type="TestFixture" name="C:\Celerium\Projects\_API\PokeAPI-PowerShellWrapper\tests\Private\moduleSettings\Get-PokeModuleSettings.Tests.ps1" executed="True" result="Success" success="True" time="0.0634" asserts="0" description="C:\Celerium\Projects\_API\PokeAPI-PowerShellWrapper\tests\Private\moduleSettings\Get-PokeModuleSettings.Tests.ps1">
        <results>
          <test-suite type="TestFixture" name="Testing [ Get-PokeModuleSettings ] function with [ Get-PokeModuleSettings.Tests.ps1 ]" executed="True" result="Success" success="True" time="0.019" asserts="0" description="Testing [ Get-PokeModuleSettings ] function with [ Get-PokeModuleSettings.Tests.ps1 ]">
            <results>
              <test-suite type="TestFixture" name="Testing [ Get-PokeModuleSettings ] function with [ Get-PokeModuleSettings.Tests.ps1 ].[ Get-PokeModuleSettings ] testing function" executed="True" result="Success" success="True" time="0.0149" asserts="0" description="Testing [ Get-PokeModuleSettings ] function with [ Get-PokeModuleSettings.Tests.ps1 ].[ Get-PokeModuleSettings ] testing function">
                <results>
                  <test-case description="Configuration directory should be hidden" name="Testing [ Get-PokeModuleSettings ] function with [ Get-PokeModuleSettings.Tests.ps1 ].[ Get-PokeModuleSettings ] testing function.Configuration directory should be hidden" time="0.0049" asserts="0" success="True" result="Success" executed="True" />
                  <test-case description="Configuration file should contain required values" name="Testing [ Get-PokeModuleSettings ] function with [ Get-PokeModuleSettings.Tests.ps1 ].[ Get-PokeModuleSettings ] testing function.Configuration file should contain required values" time="0.006" asserts="0" success="True" result="Success" executed="True" />
                </results>
              </test-suite>
            </results>
          </test-suite>
        </results>
      </test-suite>
      <test-suite type="TestFixture" name="C:\Celerium\Projects\_API\PokeAPI-PowerShellWrapper\tests\Private\moduleSettings\Import-PokeModuleSettings.Tests.ps1" executed="True" result="Success" success="True" time="0.0684" asserts="0" description="C:\Celerium\Projects\_API\PokeAPI-PowerShellWrapper\tests\Private\moduleSettings\Import-PokeModuleSettings.Tests.ps1">
        <results>
          <test-suite type="TestFixture" name="Testing [ Import-PokeModuleSettings ] function with [ Import-PokeModuleSettings.Tests.ps1 ]" executed="True" result="Success" success="True" time="0.0257" asserts="0" description="Testing [ Import-PokeModuleSettings ] function with [ Import-PokeModuleSettings.Tests.ps1 ]">
            <results>
              <test-suite type="TestFixture" name="Testing [ Import-PokeModuleSettings ] function with [ Import-PokeModuleSettings.Tests.ps1 ].[ Import-PokeModuleSettings ] testing function" executed="True" result="Success" success="True" time="0.0218" asserts="0" description="Testing [ Import-PokeModuleSettings ] function with [ Import-PokeModuleSettings.Tests.ps1 ].[ Import-PokeModuleSettings ] testing function">
                <results>
                  <test-case description="No configuration should populate baseline variables" name="Testing [ Import-PokeModuleSettings ] function with [ Import-PokeModuleSettings.Tests.ps1 ].[ Import-PokeModuleSettings ] testing function.No configuration should populate baseline variables" time="0.0048" asserts="0" success="True" result="Success" executed="True" />
                  <test-case description="Saved configuration session should contain required variables" name="Testing [ Import-PokeModuleSettings ] function with [ Import-PokeModuleSettings.Tests.ps1 ].[ Import-PokeModuleSettings ] testing function.Saved configuration session should contain required variables" time="0.007" asserts="0" success="True" result="Success" executed="True" />
                  <test-case description="Saved configuration session should NOT contain temp variables" name="Testing [ Import-PokeModuleSettings ] function with [ Import-PokeModuleSettings.Tests.ps1 ].[ Import-PokeModuleSettings ] testing function.Saved configuration session should NOT contain temp variables" time="0.0061" asserts="0" success="True" result="Success" executed="True" />
                </results>
              </test-suite>
            </results>
          </test-suite>
        </results>
      </test-suite>
      <test-suite type="TestFixture" name="C:\Celerium\Projects\_API\PokeAPI-PowerShellWrapper\tests\Private\moduleSettings\Initialize-PokeModuleSettings.Tests.ps1" executed="True" result="Success" success="True" time="0.0828" asserts="0" description="C:\Celerium\Projects\_API\PokeAPI-PowerShellWrapper\tests\Private\moduleSettings\Initialize-PokeModuleSettings.Tests.ps1">
        <results>
          <test-suite type="TestFixture" name="Testing [ Initialize-PokeModuleSettings ] function with [ Initialize-PokeModuleSettings.Tests.ps1 ]" executed="True" result="Success" success="True" time="0.0389" asserts="0" description="Testing [ Initialize-PokeModuleSettings ] function with [ Initialize-PokeModuleSettings.Tests.ps1 ]">
            <results>
              <test-suite type="TestFixture" name="Testing [ Initialize-PokeModuleSettings ] function with [ Initialize-PokeModuleSettings.Tests.ps1 ].[ Initialize-PokeModuleSettings ] testing function" executed="True" result="Success" success="True" time="0.0351" asserts="0" description="Testing [ Initialize-PokeModuleSettings ] function with [ Initialize-PokeModuleSettings.Tests.ps1 ].[ Initialize-PokeModuleSettings ] testing function">
                <results>
                  <test-case description="When imported WITHOUT a saved configuration baseline variables should exist" name="Testing [ Initialize-PokeModuleSettings ] function with [ Initialize-PokeModuleSettings.Tests.ps1 ].[ Initialize-PokeModuleSettings ] testing function.When imported WITHOUT a saved configuration baseline variables should exist" time="0.0115" asserts="0" success="True" result="Success" executed="True" />
                  <test-case description="When imported WITh a saved configuration baseline variables should exist" name="Testing [ Initialize-PokeModuleSettings ] function with [ Initialize-PokeModuleSettings.Tests.ps1 ].[ Initialize-PokeModuleSettings ] testing function.When imported WITh a saved configuration baseline variables should exist" time="0.0198" asserts="0" success="True" result="Success" executed="True" />
                </results>
              </test-suite>
            </results>
          </test-suite>
        </results>
      </test-suite>
      <test-suite type="TestFixture" name="C:\Celerium\Projects\_API\PokeAPI-PowerShellWrapper\tests\Private\moduleSettings\Remove-PokeModuleSettings.Tests.ps1" executed="True" result="Success" success="True" time="0.0718" asserts="0" description="C:\Celerium\Projects\_API\PokeAPI-PowerShellWrapper\tests\Private\moduleSettings\Remove-PokeModuleSettings.Tests.ps1">
        <results>
          <test-suite type="TestFixture" name="Testing [ Remove-PokeModuleSettings ] function with [ Remove-PokeModuleSettings.Tests.ps1 ]" executed="True" result="Success" success="True" time="0.0269" asserts="0" description="Testing [ Remove-PokeModuleSettings ] function with [ Remove-PokeModuleSettings.Tests.ps1 ]">
            <results>
              <test-suite type="TestFixture" name="Testing [ Remove-PokeModuleSettings ] function with [ Remove-PokeModuleSettings.Tests.ps1 ].[ Remove-PokeModuleSettings ] testing function" executed="True" result="Success" success="True" time="0.0228" asserts="0" description="Testing [ Remove-PokeModuleSettings ] function with [ Remove-PokeModuleSettings.Tests.ps1 ].[ Remove-PokeModuleSettings ] testing function">
                <results>
                  <test-case description="No configuration should throw a warning" name="Testing [ Remove-PokeModuleSettings ] function with [ Remove-PokeModuleSettings.Tests.ps1 ].[ Remove-PokeModuleSettings ] testing function.No configuration should throw a warning" time="0.0035" asserts="0" success="True" result="Success" executed="True" />
                  <test-case description="Saved configuration should be removed" name="Testing [ Remove-PokeModuleSettings ] function with [ Remove-PokeModuleSettings.Tests.ps1 ].[ Remove-PokeModuleSettings ] testing function.Saved configuration should be removed" time="0.0071" asserts="0" success="True" result="Success" executed="True" />
                  <test-case description="Saved configuration &amp; variables should be removed" name="Testing [ Remove-PokeModuleSettings ] function with [ Remove-PokeModuleSettings.Tests.ps1 ].[ Remove-PokeModuleSettings ] testing function.Saved configuration &amp; variables should be removed" time="0.0076" asserts="0" success="True" result="Success" executed="True" />
                </results>
              </test-suite>
            </results>
          </test-suite>
        </results>
      </test-suite>
    </results>
  </test-suite>
</test-results>